The system is: Linux - 3.10.0-862.14.4.el7.x86_64 - x86_64
Compiling the Fortran compiler identification source file "CMakeFortranCompilerId.F" succeeded.
Compiler: /global/AWIsoft/intel/2018/compilers_and_libraries_2018.3.222/linux/bin/intel64/ifort 
Build flags: 
Id flags: -v 

The output was:
0
ifort version 18.0.3
/global/AWIsoft/intel/2018/compilers_and_libraries_2018.3.222/linux/bin/intel64/fpp    -D__INTEL_COMPILER=1800 -D__INTEL_COMPILER_UPDATE=3 -D__unix__ -D__unix -D__linux__ -D__linux -D__gnu_linux__ -Dunix -Dlinux -D__ELF__ -D__x86_64 -D__x86_64__ -D__amd64 -D__amd64__ -D__INTEL_COMPILER_BUILD_DATE=20180410 -D__INTEL_OFFLOAD -D__i686 -D__i686__ -D__pentiumpro -D__pentiumpro__ -D__pentium4 -D__pentium4__ -D__tune_pentium4__ -D__SSE2__ -D__SSE2_MATH__ -D__SSE__ -D__SSE_MATH__ -D__MMX__ -I. -I/global/AWIsoft/netcdf/4.6.2_intel_18.0.5/include -I/global/AWIsoft/intel/2018/impi/2018.3.222/include64 -I/global/AWIsoft/intel/2018/compilers_and_libraries_2018.3.222/linux/ipp/include -I/global/AWIsoft/intel/2018/compilers_and_libraries_2018.3.222/linux/mkl/include -I/global/AWIsoft/intel/2018/compilers_and_libraries_2018.3.222/linux/tbb/include -I/global/AWIsoft/intel/2018/compilers_and_libraries_2018.3.222/linux/compiler/include/intel64 -I/global/AWIsoft/intel/2018/compilers_and_libraries_2018.3.222/linux/compiler/include/icc -I/global/AWIsoft/intel/2018/compilers_and_libraries_2018.3.222/linux/compiler/include -I/usr/local/include -I/usr/lib/gcc/x86_64-redhat-linux/4.8.5/include -I/usr/include/ -I/usr/include -fixed -4Ycpp -4Ncvf -f_com=yes -MX CMakeFortranCompilerId.F /work/ollie/tmp/ifort3KOB4p.i
#include "..." search starts here:
#include <...> search starts here:
 .
 /global/AWIsoft/netcdf/4.6.2_intel_18.0.5/include
 /global/AWIsoft/intel/2018/impi/2018.3.222/include64
 /global/AWIsoft/intel/2018/compilers_and_libraries_2018.3.222/linux/ipp/include
 /global/AWIsoft/intel/2018/compilers_and_libraries_2018.3.222/linux/mkl/include
 /global/AWIsoft/intel/2018/compilers_and_libraries_2018.3.222/linux/tbb/include
 /global/AWIsoft/intel/2018/compilers_and_libraries_2018.3.222/linux/compiler/include/intel64
 /global/AWIsoft/intel/2018/compilers_and_libraries_2018.3.222/linux/compiler/include/icc
 /global/AWIsoft/intel/2018/compilers_and_libraries_2018.3.222/linux/compiler/include
 /usr/local/include
 /usr/lib/gcc/x86_64-redhat-linux/4.8.5/include
 /usr/include/
 /usr/include
End of search list.
/global/AWIsoft/intel/2018/compilers_and_libraries_2018.3.222/linux/bin/intel64/fortcom    -D__INTEL_COMPILER=1800 -D__INTEL_COMPILER_UPDATE=3 -D__unix__ -D__unix -D__linux__ -D__linux -D__gnu_linux__ -Dunix -Dlinux -D__ELF__ -D__x86_64 -D__x86_64__ -D__amd64 -D__amd64__ -D__INTEL_COMPILER_BUILD_DATE=20180410 -D__INTEL_OFFLOAD -D__i686 -D__i686__ -D__pentiumpro -D__pentiumpro__ -D__pentium4 -D__pentium4__ -D__tune_pentium4__ -D__SSE2__ -D__SSE2_MATH__ -D__SSE__ -D__SSE_MATH__ -D__MMX__ -mGLOB_pack_sort_init_list -I. -I/global/AWIsoft/netcdf/4.6.2_intel_18.0.5/include -I/global/AWIsoft/intel/2018/impi/2018.3.222/include64 -I/global/AWIsoft/intel/2018/compilers_and_libraries_2018.3.222/linux/ipp/include -I/global/AWIsoft/intel/2018/compilers_and_libraries_2018.3.222/linux/mkl/include -I/global/AWIsoft/intel/2018/compilers_and_libraries_2018.3.222/linux/tbb/include -I/global/AWIsoft/intel/2018/compilers_and_libraries_2018.3.222/linux/compiler/include/intel64 -I/global/AWIsoft/intel/2018/compilers_and_libraries_2018.3.222/linux/compiler/include/icc -I/global/AWIsoft/intel/2018/compilers_and_libraries_2018.3.222/linux/compiler/include -I/usr/local/include -I/usr/lib/gcc/x86_64-redhat-linux/4.8.5/include -I/usr/include/ -I/usr/include -O2 "-reentrancy threaded" -simd -offload_host -mGLOB_em64t=TRUE -mP1OPT_version=18.0-intel64 -mGLOB_diag_file=/work/ollie/tmp/ifort2gXIWM.diag -mGLOB_long_size_64 -mGLOB_routine_pointer_size_64 -mGLOB_source_language=GLOB_SOURCE_LANGUAGE_F90 -mP2OPT_static_promotion -mP1OPT_print_version=FALSE -mCG_use_gas_got_workaround=F -mP2OPT_align_option_used=TRUE -mGLOB_gcc_version=485 -mGLOB_options_string=-v -mGLOB_cxx_limited_range=FALSE -mCG_extend_parms=FALSE -mGLOB_compiler_bin_directory=/global/AWIsoft/intel/2018/compilers_and_libraries_2018.3.222/linux/bin/intel64 -mGLOB_as_output_backup_file_name=/work/ollie/tmp/ifortUvWuAjas_.s -mGLOB_dashboard_use_source_name -mIPOPT_activate -mIPOPT_lite -mGLOB_instruction_tuning=0x0 -mGLOB_uarch_tuning=0x0 -mGLOB_product_id_code=0x22006d90 -mCG_bnl_movbe=T -mGLOB_extended_instructions=0x8 -mP3OPT_use_mspp_call_convention -mP2OPT_subs_out_of_bound=FALSE -mP2OPT_disam_type_based_disam=2 -mGLOB_ansi_alias -mPGOPTI_value_profile_use=T -mGLOB_opt_report_use_source_name -mP2OPT_il0_array_sections=TRUE -mGLOB_offload_mode=1 -mP2OPT_offload_unique_var_string=ifort1897389129cZM5Y7 -mP2OPT_hlo_level=2 -mP2OPT_hlo -mP2OPT_hpo_rtt_control=0 -mIPOPT_args_in_regs=0 -mP2OPT_disam_assume_nonstd_intent_in=FALSE -mGLOB_imf_mapping_library=/global/AWIsoft/intel/2018/compilers_and_libraries_2018.3.222/linux/bin/intel64/libiml_attr.so -mIPOPT_single_file_compile_and_link=TRUE -mPGOPTI_gen_threadsafe_level=0 -mIPOPT_lto_object_enabled -mIPOPT_lto_object_value=1 -mIPOPT_obj_output_file_name=/work/ollie/tmp/ifort2gXIWM.o -mIPOPT_whole_archive_fixup_file_name=/work/ollie/tmp/ifortwarch00Px1z -mGLOB_linker_version=2.27 -mGLOB_driver_tempfile_name=/work/ollie/tmp/iforttempfilefHoyfd -mP3OPT_asm_target=P3OPT_ASM_TARGET_GAS -mGLOB_async_unwind_tables=TRUE -mGLOB_obj_output_file=/work/ollie/tmp/ifort2gXIWM.o -mGLOB_source_dialect=GLOB_SOURCE_DIALECT_FORTRAN -mP1OPT_source_file_name=CMakeFortranCompilerId.F -mP1OPT_full_source_file_name=/home/ollie/fdaryabo/GOTM/source/repos/EAT/build/CMakeFiles/3.13.3/CompilerIdFortran/CMakeFortranCompilerId.F -mP2OPT_symtab_type_copy=true /work/ollie/tmp/ifort3KOB4p.i
#include "..." search starts here:
#include <...> search starts here:
 .
 /global/AWIsoft/netcdf/4.6.2_intel_18.0.5/include
 /global/AWIsoft/intel/2018/impi/2018.3.222/include64
 /global/AWIsoft/intel/2018/compilers_and_libraries_2018.3.222/linux/ipp/include
 /global/AWIsoft/intel/2018/compilers_and_libraries_2018.3.222/linux/mkl/include
 /global/AWIsoft/intel/2018/compilers_and_libraries_2018.3.222/linux/tbb/include
 /global/AWIsoft/intel/2018/compilers_and_libraries_2018.3.222/linux/compiler/include/intel64
 /global/AWIsoft/intel/2018/compilers_and_libraries_2018.3.222/linux/compiler/include/icc
 /global/AWIsoft/intel/2018/compilers_and_libraries_2018.3.222/linux/compiler/include
 /usr/local/include
 /usr/lib/gcc/x86_64-redhat-linux/4.8.5/include
 /usr/include/
 /usr/include
End of search list.
ld    /usr/lib/gcc/x86_64-redhat-linux/4.8.5/../../../../lib64/crt1.o /usr/lib/gcc/x86_64-redhat-linux/4.8.5/../../../../lib64/crti.o /usr/lib/gcc/x86_64-redhat-linux/4.8.5/crtbegin.o --eh-frame-hdr --build-id -dynamic-linker /lib64/ld-linux-x86-64.so.2 -m elf_x86_64 -o a.out /global/AWIsoft/intel/2018/compilers_and_libraries_2018.3.222/linux/compiler/lib/intel64_lin/for_main.o -L/global/AWIsoft/netcdf/4.6.2_intel_18.0.5/lib -L/global/AWIsoft/intel/2018/compilers_and_libraries_2018.3.222/linux/mkl/lib/intel64 -L/global/AWIsoft/intel/2018/compilers_and_libraries_2018.3.222/linux/compiler/lib/intel64 -L/global/AWIsoft/intel/2018/compilers_and_libraries_2018.3.222/linux/ipp/../compiler/lib/intel64 -L/global/AWIsoft/intel/2018/compilers_and_libraries_2018.3.222/linux/ipp/lib/intel64 -L/global/AWIsoft/intel/2018/compilers_and_libraries_2018.3.222/linux/tbb/lib/intel64/gcc4.4 -L/global/AWIsoft/intel/2018/compilers_and_libraries_2018.3.222/linux/compiler/lib/intel64_lin -L/usr/lib/gcc/x86_64-redhat-linux/4.8.5/ -L/usr/lib/gcc/x86_64-redhat-linux/4.8.5/../../../../lib64 -L/usr/lib/gcc/x86_64-redhat-linux/4.8.5/../../../../lib64/ -L/lib/../lib64 -L/lib/../lib64/ -L/usr/lib/../lib64 -L/usr/lib/../lib64/ -L/global/AWIsoft/netcdf/4.6.2_intel_18.0.5/lib/ -L/global/AWIsoft/intel/2018/compilers_and_libraries_2018.3.222/linux/mkl/lib/intel64/ -L/global/AWIsoft/intel/2018/compilers_and_libraries_2018.3.222/linux/compiler/lib/intel64/ -L/global/AWIsoft/intel/2018/compilers_and_libraries_2018.3.222/linux/ipp/../compiler/lib/intel64/ -L/global/AWIsoft/intel/2018/compilers_and_libraries_2018.3.222/linux/ipp/lib/intel64/ -L/global/AWIsoft/intel/2018/compilers_and_libraries_2018.3.222/linux/tbb/lib/intel64/gcc4.4/ -L/usr/lib/gcc/x86_64-redhat-linux/4.8.5/../../../ -L/lib64 -L/lib/ -L/usr/lib64 -L/usr/lib /work/ollie/tmp/ifort2gXIWM.o -Bdynamic -Bstatic -lifport -lifcoremt -limf -lsvml -Bdynamic -lm -Bstatic -lipgo -lirc -Bdynamic -lpthread -Bstatic -lsvml -Bdynamic -lc -lgcc -lgcc_s -Bstatic -lirc_s -Bdynamic -ldl -lc /usr/lib/gcc/x86_64-redhat-linux/4.8.5/crtend.o /usr/lib/gcc/x86_64-redhat-linux/4.8.5/../../../../lib64/crtn.o


Compilation of the Fortran compiler identification source "CMakeFortranCompilerId.F" produced "a.out"

The Fortran compiler identification is Intel, found in "/home/ollie/fdaryabo/GOTM/source/repos/EAT/build/CMakeFiles/3.13.3/CompilerIdFortran/a.out"

Determining if the Fortran compiler works passed with the following output:
Change Dir: /home/ollie/fdaryabo/GOTM/source/repos/EAT/build/CMakeFiles/CMakeTmp

Run Build Command:"/usr/bin/gmake" "cmTC_c18da/fast"
/usr/bin/gmake -f CMakeFiles/cmTC_c18da.dir/build.make CMakeFiles/cmTC_c18da.dir/build
gmake[1]: Entering directory `/home/ollie/fdaryabo/GOTM/source/repos/EAT/build/CMakeFiles/CMakeTmp'
Building Fortran object CMakeFiles/cmTC_c18da.dir/testFortranCompiler.f.o
/global/AWIsoft/intel/2018/compilers_and_libraries_2018.3.222/linux/bin/intel64/ifort    -c /home/ollie/fdaryabo/GOTM/source/repos/EAT/build/CMakeFiles/CMakeTmp/testFortranCompiler.f -o CMakeFiles/cmTC_c18da.dir/testFortranCompiler.f.o
Linking Fortran executable cmTC_c18da
/global/AWIsoft/cmake/3.13.3/bin/cmake -E cmake_link_script CMakeFiles/cmTC_c18da.dir/link.txt --verbose=1
/global/AWIsoft/intel/2018/compilers_and_libraries_2018.3.222/linux/bin/intel64/ifort      CMakeFiles/cmTC_c18da.dir/testFortranCompiler.f.o  -o cmTC_c18da 
gmake[1]: Leaving directory `/home/ollie/fdaryabo/GOTM/source/repos/EAT/build/CMakeFiles/CMakeTmp'


Detecting Fortran compiler ABI info compiled with the following output:
Change Dir: /home/ollie/fdaryabo/GOTM/source/repos/EAT/build/CMakeFiles/CMakeTmp

Run Build Command:"/usr/bin/gmake" "cmTC_3d087/fast"
/usr/bin/gmake -f CMakeFiles/cmTC_3d087.dir/build.make CMakeFiles/cmTC_3d087.dir/build
gmake[1]: Entering directory `/home/ollie/fdaryabo/GOTM/source/repos/EAT/build/CMakeFiles/CMakeTmp'
Building Fortran object CMakeFiles/cmTC_3d087.dir/CMakeFortranCompilerABI.F.o
/global/AWIsoft/intel/2018/compilers_and_libraries_2018.3.222/linux/bin/intel64/ifort    -c /global/AWIsoft/cmake/3.13.3/share/cmake-3.13/Modules/CMakeFortranCompilerABI.F -o CMakeFiles/cmTC_3d087.dir/CMakeFortranCompilerABI.F.o
Linking Fortran executable cmTC_3d087
/global/AWIsoft/cmake/3.13.3/bin/cmake -E cmake_link_script CMakeFiles/cmTC_3d087.dir/link.txt --verbose=1
/global/AWIsoft/intel/2018/compilers_and_libraries_2018.3.222/linux/bin/intel64/ifort   -v   CMakeFiles/cmTC_3d087.dir/CMakeFortranCompilerABI.F.o  -o cmTC_3d087 
ifort version 18.0.3
/global/AWIsoft/intel/2018/compilers_and_libraries_2018.3.222/linux/bin/intel64/fortcom    -mGLOB_em64t=TRUE -mP1OPT_version=18.0-intel64 -mGLOB_diag_file=CMakeFiles/cmTC_3d087.dir/CMakeFortranCompilerABI.F.diag -mGLOB_long_size_64 -mGLOB_routine_pointer_size_64 -mGLOB_source_language=GLOB_SOURCE_LANGUAGE_F90 -mP2OPT_static_promotion -mP1OPT_print_version=FALSE -mCG_use_gas_got_workaround=F -mP2OPT_align_option_used=TRUE -mGLOB_gcc_version=485 "-mGLOB_options_string=-v -o cmTC_3d087" -mGLOB_cxx_limited_range=FALSE -mCG_extend_parms=FALSE -mGLOB_compiler_bin_directory=/global/AWIsoft/intel/2018/compilers_and_libraries_2018.3.222/linux/bin/intel64 -mGLOB_as_output_backup_file_name=/work/ollie/tmp/ifortg5iGooas_.s -mGLOB_dashboard_use_source_name -mIPOPT_activate -mGLOB_product_id_code=0x22006d90 -mP3OPT_use_mspp_call_convention -mP2OPT_subs_out_of_bound=FALSE -mP2OPT_disam_type_based_disam=2 -mGLOB_ansi_alias -mPGOPTI_value_profile_use=T -mGLOB_opt_report_use_source_name -mP2OPT_il0_array_sections=TRUE -mGLOB_offload_mode=1 -mP2OPT_offload_unique_var_string=ifort0923023204CE5adC -mP2OPT_hlo -mP2OPT_hpo_rtt_control=0 -mIPOPT_args_in_regs=0 -mP2OPT_disam_assume_nonstd_intent_in=FALSE -mGLOB_imf_mapping_library=/global/AWIsoft/intel/2018/compilers_and_libraries_2018.3.222/linux/bin/intel64/libiml_attr.so -mPGOPTI_gen_threadsafe_level=0 -mIPOPT_link -mIPOPT_ipo_activate -mIPOPT_mo_activate -mIPOPT_source_files_list=/work/ollie/tmp/ifortslisRR9X4k -mIPOPT_mo_global_data -mIPOPT_link_script_file=/work/ollie/tmp/ifortscriptSQQHv1 "-mIPOPT_cmdline_link="/usr/lib/gcc/x86_64-redhat-linux/4.8.5/../../../../lib64/crt1.o" "/usr/lib/gcc/x86_64-redhat-linux/4.8.5/../../../../lib64/crti.o" "/usr/lib/gcc/x86_64-redhat-linux/4.8.5/crtbegin.o" "--eh-frame-hdr" "--build-id" "-dynamic-linker" "/lib64/ld-linux-x86-64.so.2" "-m" "elf_x86_64" "-o" "cmTC_3d087" "/global/AWIsoft/intel/2018/compilers_and_libraries_2018.3.222/linux/compiler/lib/intel64_lin/for_main.o" "-L/global/AWIsoft/netcdf/4.6.2_intel_18.0.5/lib" "-L/global/AWIsoft/intel/2018/compilers_and_libraries_2018.3.222/linux/mkl/lib/intel64" "-L/global/AWIsoft/intel/2018/compilers_and_libraries_2018.3.222/linux/compiler/lib/intel64" "-L/global/AWIsoft/intel/2018/compilers_and_libraries_2018.3.222/linux/ipp/../compiler/lib/intel64" "-L/global/AWIsoft/intel/2018/compilers_and_libraries_2018.3.222/linux/ipp/lib/intel64" "-L/global/AWIsoft/intel/2018/compilers_and_libraries_2018.3.222/linux/tbb/lib/intel64/gcc4.4" "-L/global/AWIsoft/intel/2018/compilers_and_libraries_2018.3.222/linux/compiler/lib/intel64_lin" "-L/usr/lib/gcc/x86_64-redhat-linux/4.8.5/" "-L/usr/lib/gcc/x86_64-redhat-linux/4.8.5/../../../../lib64" "-L/usr/lib/gcc/x86_64-redhat-linux/4.8.5/../../../../lib64/" "-L/lib/../lib64" "-L/lib/../lib64/" "-L/usr/lib/../lib64" "-L/usr/lib/../lib64/" "-L/global/AWIsoft/netcdf/4.6.2_intel_18.0.5/lib/" "-L/global/AWIsoft/intel/2018/compilers_and_libraries_2018.3.222/linux/mkl/lib/intel64/" "-L/global/AWIsoft/intel/2018/compilers_and_libraries_2018.3.222/linux/compiler/lib/intel64/" "-L/global/AWIsoft/intel/2018/compilers_and_libraries_2018.3.222/linux/ipp/../compiler/lib/intel64/" "-L/global/AWIsoft/intel/2018/compilers_and_libraries_2018.3.222/linux/ipp/lib/intel64/" "-L/global/AWIsoft/intel/2018/compilers_and_libraries_2018.3.222/linux/tbb/lib/intel64/gcc4.4/" "-L/usr/lib/gcc/x86_64-redhat-linux/4.8.5/../../../" "-L/lib64" "-L/lib/" "-L/usr/lib64" "-L/usr/lib" "CMakeFiles/cmTC_3d087.dir/CMakeFortranCompilerABI.F.o" "-Bdynamic" "-Bstatic" "-lifport" "-lifcoremt" "-limf" "-lsvml" "-Bdynamic" "-lm" "-Bstatic" "-lipgo" "-lirc" "-Bdynamic" "-lpthread" "-Bstatic" "-lsvml" "-Bdynamic" "-lc" "-lgcc" "-lgcc_s" "-Bstatic" "-lirc_s" "-Bdynamic" "-ldl" "-lc" "/usr/lib/gcc/x86_64-redhat-linux/4.8.5/crtend.o" "/usr/lib/gcc/x86_64-redhat-linux/4.8.5/../../../../lib64/crtn.o"" -mIPOPT_il_in_obj -mIPOPT_ipo_activate_warn=FALSE -mIPOPT_obj_output_file_name=/work/ollie/tmp/ipo_iforttyhUve.o -mIPOPT_whole_archive_fixup_file_name=/work/ollie/tmp/ifortwarchN9wGPr -mGLOB_linker_version=2.27 -mGLOB_driver_tempfile_name=/work/ollie/tmp/iforttempfile0D4Kk8 -mP3OPT_asm_target=P3OPT_ASM_TARGET_GAS -mGLOB_async_unwind_tables=TRUE -mGLOB_obj_output_file=/work/ollie/tmp/ipo_iforttyhUve.o -mGLOB_source_dialect=GLOB_SOURCE_DIALECT_NONE -mP1OPT_source_file_name=ipo_out.f -mP2OPT_symtab_type_copy=true CMakeFiles/cmTC_3d087.dir/CMakeFortranCompilerABI.F.o -mIPOPT_object_files=T -mIPOPT_assembly_files=/work/ollie/tmp/ifortalisBd2EmB -mIPOPT_generated_tempfiles=/work/ollie/tmp/ifortelisI158Mh -mIPOPT_embedded_object_base_name=/work/ollie/tmp/iforteobjH1JGdY -mIPOPT_cmdline_link_new_name=/work/ollie/tmp/ifortllisQmmiEE
ld    /usr/lib/gcc/x86_64-redhat-linux/4.8.5/../../../../lib64/crt1.o /usr/lib/gcc/x86_64-redhat-linux/4.8.5/../../../../lib64/crti.o /usr/lib/gcc/x86_64-redhat-linux/4.8.5/crtbegin.o --eh-frame-hdr --build-id -dynamic-linker /lib64/ld-linux-x86-64.so.2 -m elf_x86_64 -o cmTC_3d087 /global/AWIsoft/intel/2018/compilers_and_libraries_2018.3.222/linux/compiler/lib/intel64_lin/for_main.o -L/global/AWIsoft/netcdf/4.6.2_intel_18.0.5/lib -L/global/AWIsoft/intel/2018/compilers_and_libraries_2018.3.222/linux/mkl/lib/intel64 -L/global/AWIsoft/intel/2018/compilers_and_libraries_2018.3.222/linux/compiler/lib/intel64 -L/global/AWIsoft/intel/2018/compilers_and_libraries_2018.3.222/linux/ipp/../compiler/lib/intel64 -L/global/AWIsoft/intel/2018/compilers_and_libraries_2018.3.222/linux/ipp/lib/intel64 -L/global/AWIsoft/intel/2018/compilers_and_libraries_2018.3.222/linux/tbb/lib/intel64/gcc4.4 -L/global/AWIsoft/intel/2018/compilers_and_libraries_2018.3.222/linux/compiler/lib/intel64_lin -L/usr/lib/gcc/x86_64-redhat-linux/4.8.5/ -L/usr/lib/gcc/x86_64-redhat-linux/4.8.5/../../../../lib64 -L/usr/lib/gcc/x86_64-redhat-linux/4.8.5/../../../../lib64/ -L/lib/../lib64 -L/lib/../lib64/ -L/usr/lib/../lib64 -L/usr/lib/../lib64/ -L/global/AWIsoft/netcdf/4.6.2_intel_18.0.5/lib/ -L/global/AWIsoft/intel/2018/compilers_and_libraries_2018.3.222/linux/mkl/lib/intel64/ -L/global/AWIsoft/intel/2018/compilers_and_libraries_2018.3.222/linux/compiler/lib/intel64/ -L/global/AWIsoft/intel/2018/compilers_and_libraries_2018.3.222/linux/ipp/../compiler/lib/intel64/ -L/global/AWIsoft/intel/2018/compilers_and_libraries_2018.3.222/linux/ipp/lib/intel64/ -L/global/AWIsoft/intel/2018/compilers_and_libraries_2018.3.222/linux/tbb/lib/intel64/gcc4.4/ -L/usr/lib/gcc/x86_64-redhat-linux/4.8.5/../../../ -L/lib64 -L/lib/ -L/usr/lib64 -L/usr/lib CMakeFiles/cmTC_3d087.dir/CMakeFortranCompilerABI.F.o -Bdynamic -Bstatic -lifport -lifcoremt -limf -lsvml -Bdynamic -lm -Bstatic -lipgo -lirc -Bdynamic -lpthread -Bstatic -lsvml -Bdynamic -lc -lgcc -lgcc_s -Bstatic -lirc_s -Bdynamic -ldl -lc /usr/lib/gcc/x86_64-redhat-linux/4.8.5/crtend.o /usr/lib/gcc/x86_64-redhat-linux/4.8.5/../../../../lib64/crtn.o
gmake[1]: Leaving directory `/home/ollie/fdaryabo/GOTM/source/repos/EAT/build/CMakeFiles/CMakeTmp'


Parsed Fortran implicit link information from above output:
  link line regex: [^( *|.*[/\])(ld|CMAKE_LINK_STARTFILE-NOTFOUND|([^/\]+-)?ld|collect2)[^/\]*( |$)]
  ignore line: [Change Dir: /home/ollie/fdaryabo/GOTM/source/repos/EAT/build/CMakeFiles/CMakeTmp]
  ignore line: []
  ignore line: [Run Build Command:"/usr/bin/gmake" "cmTC_3d087/fast"]
  ignore line: [/usr/bin/gmake -f CMakeFiles/cmTC_3d087.dir/build.make CMakeFiles/cmTC_3d087.dir/build]
  ignore line: [gmake[1]: Entering directory `/home/ollie/fdaryabo/GOTM/source/repos/EAT/build/CMakeFiles/CMakeTmp']
  ignore line: [Building Fortran object CMakeFiles/cmTC_3d087.dir/CMakeFortranCompilerABI.F.o]
  ignore line: [/global/AWIsoft/intel/2018/compilers_and_libraries_2018.3.222/linux/bin/intel64/ifort    -c /global/AWIsoft/cmake/3.13.3/share/cmake-3.13/Modules/CMakeFortranCompilerABI.F -o CMakeFiles/cmTC_3d087.dir/CMakeFortranCompilerABI.F.o]
  ignore line: [Linking Fortran executable cmTC_3d087]
  ignore line: [/global/AWIsoft/cmake/3.13.3/bin/cmake -E cmake_link_script CMakeFiles/cmTC_3d087.dir/link.txt --verbose=1]
  ignore line: [/global/AWIsoft/intel/2018/compilers_and_libraries_2018.3.222/linux/bin/intel64/ifort   -v   CMakeFiles/cmTC_3d087.dir/CMakeFortranCompilerABI.F.o  -o cmTC_3d087 ]
  ignore line: [ifort version 18.0.3]
  ignore line: [/global/AWIsoft/intel/2018/compilers_and_libraries_2018.3.222/linux/bin/intel64/fortcom    -mGLOB_em64t=TRUE -mP1OPT_version=18.0-intel64 -mGLOB_diag_file=CMakeFiles/cmTC_3d087.dir/CMakeFortranCompilerABI.F.diag -mGLOB_long_size_64 -mGLOB_routine_pointer_size_64 -mGLOB_source_language=GLOB_SOURCE_LANGUAGE_F90 -mP2OPT_static_promotion -mP1OPT_print_version=FALSE -mCG_use_gas_got_workaround=F -mP2OPT_align_option_used=TRUE -mGLOB_gcc_version=485 "-mGLOB_options_string=-v -o cmTC_3d087" -mGLOB_cxx_limited_range=FALSE -mCG_extend_parms=FALSE -mGLOB_compiler_bin_directory=/global/AWIsoft/intel/2018/compilers_and_libraries_2018.3.222/linux/bin/intel64 -mGLOB_as_output_backup_file_name=/work/ollie/tmp/ifortg5iGooas_.s -mGLOB_dashboard_use_source_name -mIPOPT_activate -mGLOB_product_id_code=0x22006d90 -mP3OPT_use_mspp_call_convention -mP2OPT_subs_out_of_bound=FALSE -mP2OPT_disam_type_based_disam=2 -mGLOB_ansi_alias -mPGOPTI_value_profile_use=T -mGLOB_opt_report_use_source_name -mP2OPT_il0_array_sections=TRUE -mGLOB_offload_mode=1 -mP2OPT_offload_unique_var_string=ifort0923023204CE5adC -mP2OPT_hlo -mP2OPT_hpo_rtt_control=0 -mIPOPT_args_in_regs=0 -mP2OPT_disam_assume_nonstd_intent_in=FALSE -mGLOB_imf_mapping_library=/global/AWIsoft/intel/2018/compilers_and_libraries_2018.3.222/linux/bin/intel64/libiml_attr.so -mPGOPTI_gen_threadsafe_level=0 -mIPOPT_link -mIPOPT_ipo_activate -mIPOPT_mo_activate -mIPOPT_source_files_list=/work/ollie/tmp/ifortslisRR9X4k -mIPOPT_mo_global_data -mIPOPT_link_script_file=/work/ollie/tmp/ifortscriptSQQHv1 "-mIPOPT_cmdline_link="/usr/lib/gcc/x86_64-redhat-linux/4.8.5/../../../../lib64/crt1.o" "/usr/lib/gcc/x86_64-redhat-linux/4.8.5/../../../../lib64/crti.o" "/usr/lib/gcc/x86_64-redhat-linux/4.8.5/crtbegin.o" "--eh-frame-hdr" "--build-id" "-dynamic-linker" "/lib64/ld-linux-x86-64.so.2" "-m" "elf_x86_64" "-o" "cmTC_3d087" "/global/AWIsoft/intel/2018/compilers_and_libraries_2018.3.222/linux/compiler/lib/intel64_lin/for_main.o" "-L/global/AWIsoft/netcdf/4.6.2_intel_18.0.5/lib" "-L/global/AWIsoft/intel/2018/compilers_and_libraries_2018.3.222/linux/mkl/lib/intel64" "-L/global/AWIsoft/intel/2018/compilers_and_libraries_2018.3.222/linux/compiler/lib/intel64" "-L/global/AWIsoft/intel/2018/compilers_and_libraries_2018.3.222/linux/ipp/../compiler/lib/intel64" "-L/global/AWIsoft/intel/2018/compilers_and_libraries_2018.3.222/linux/ipp/lib/intel64" "-L/global/AWIsoft/intel/2018/compilers_and_libraries_2018.3.222/linux/tbb/lib/intel64/gcc4.4" "-L/global/AWIsoft/intel/2018/compilers_and_libraries_2018.3.222/linux/compiler/lib/intel64_lin" "-L/usr/lib/gcc/x86_64-redhat-linux/4.8.5/" "-L/usr/lib/gcc/x86_64-redhat-linux/4.8.5/../../../../lib64" "-L/usr/lib/gcc/x86_64-redhat-linux/4.8.5/../../../../lib64/" "-L/lib/../lib64" "-L/lib/../lib64/" "-L/usr/lib/../lib64" "-L/usr/lib/../lib64/" "-L/global/AWIsoft/netcdf/4.6.2_intel_18.0.5/lib/" "-L/global/AWIsoft/intel/2018/compilers_and_libraries_2018.3.222/linux/mkl/lib/intel64/" "-L/global/AWIsoft/intel/2018/compilers_and_libraries_2018.3.222/linux/compiler/lib/intel64/" "-L/global/AWIsoft/intel/2018/compilers_and_libraries_2018.3.222/linux/ipp/../compiler/lib/intel64/" "-L/global/AWIsoft/intel/2018/compilers_and_libraries_2018.3.222/linux/ipp/lib/intel64/" "-L/global/AWIsoft/intel/2018/compilers_and_libraries_2018.3.222/linux/tbb/lib/intel64/gcc4.4/" "-L/usr/lib/gcc/x86_64-redhat-linux/4.8.5/../../../" "-L/lib64" "-L/lib/" "-L/usr/lib64" "-L/usr/lib" "CMakeFiles/cmTC_3d087.dir/CMakeFortranCompilerABI.F.o" "-Bdynamic" "-Bstatic" "-lifport" "-lifcoremt" "-limf" "-lsvml" "-Bdynamic" "-lm" "-Bstatic" "-lipgo" "-lirc" "-Bdynamic" "-lpthread" "-Bstatic" "-lsvml" "-Bdynamic" "-lc" "-lgcc" "-lgcc_s" "-Bstatic" "-lirc_s" "-Bdynamic" "-ldl" "-lc" "/usr/lib/gcc/x86_64-redhat-linux/4.8.5/crtend.o" "/usr/lib/gcc/x86_64-redhat-linux/4.8.5/../../../../lib64/crtn.o"" -mIPOPT_il_in_obj -mIPOPT_ipo_activate_warn=FALSE -mIPOPT_obj_output_file_name=/work/ollie/tmp/ipo_iforttyhUve.o -mIPOPT_whole_archive_fixup_file_name=/work/ollie/tmp/ifortwarchN9wGPr -mGLOB_linker_version=2.27 -mGLOB_driver_tempfile_name=/work/ollie/tmp/iforttempfile0D4Kk8 -mP3OPT_asm_target=P3OPT_ASM_TARGET_GAS -mGLOB_async_unwind_tables=TRUE -mGLOB_obj_output_file=/work/ollie/tmp/ipo_iforttyhUve.o -mGLOB_source_dialect=GLOB_SOURCE_DIALECT_NONE -mP1OPT_source_file_name=ipo_out.f -mP2OPT_symtab_type_copy=true CMakeFiles/cmTC_3d087.dir/CMakeFortranCompilerABI.F.o -mIPOPT_object_files=T -mIPOPT_assembly_files=/work/ollie/tmp/ifortalisBd2EmB -mIPOPT_generated_tempfiles=/work/ollie/tmp/ifortelisI158Mh -mIPOPT_embedded_object_base_name=/work/ollie/tmp/iforteobjH1JGdY -mIPOPT_cmdline_link_new_name=/work/ollie/tmp/ifortllisQmmiEE]
  link line: [ld    /usr/lib/gcc/x86_64-redhat-linux/4.8.5/../../../../lib64/crt1.o /usr/lib/gcc/x86_64-redhat-linux/4.8.5/../../../../lib64/crti.o /usr/lib/gcc/x86_64-redhat-linux/4.8.5/crtbegin.o --eh-frame-hdr --build-id -dynamic-linker /lib64/ld-linux-x86-64.so.2 -m elf_x86_64 -o cmTC_3d087 /global/AWIsoft/intel/2018/compilers_and_libraries_2018.3.222/linux/compiler/lib/intel64_lin/for_main.o -L/global/AWIsoft/netcdf/4.6.2_intel_18.0.5/lib -L/global/AWIsoft/intel/2018/compilers_and_libraries_2018.3.222/linux/mkl/lib/intel64 -L/global/AWIsoft/intel/2018/compilers_and_libraries_2018.3.222/linux/compiler/lib/intel64 -L/global/AWIsoft/intel/2018/compilers_and_libraries_2018.3.222/linux/ipp/../compiler/lib/intel64 -L/global/AWIsoft/intel/2018/compilers_and_libraries_2018.3.222/linux/ipp/lib/intel64 -L/global/AWIsoft/intel/2018/compilers_and_libraries_2018.3.222/linux/tbb/lib/intel64/gcc4.4 -L/global/AWIsoft/intel/2018/compilers_and_libraries_2018.3.222/linux/compiler/lib/intel64_lin -L/usr/lib/gcc/x86_64-redhat-linux/4.8.5/ -L/usr/lib/gcc/x86_64-redhat-linux/4.8.5/../../../../lib64 -L/usr/lib/gcc/x86_64-redhat-linux/4.8.5/../../../../lib64/ -L/lib/../lib64 -L/lib/../lib64/ -L/usr/lib/../lib64 -L/usr/lib/../lib64/ -L/global/AWIsoft/netcdf/4.6.2_intel_18.0.5/lib/ -L/global/AWIsoft/intel/2018/compilers_and_libraries_2018.3.222/linux/mkl/lib/intel64/ -L/global/AWIsoft/intel/2018/compilers_and_libraries_2018.3.222/linux/compiler/lib/intel64/ -L/global/AWIsoft/intel/2018/compilers_and_libraries_2018.3.222/linux/ipp/../compiler/lib/intel64/ -L/global/AWIsoft/intel/2018/compilers_and_libraries_2018.3.222/linux/ipp/lib/intel64/ -L/global/AWIsoft/intel/2018/compilers_and_libraries_2018.3.222/linux/tbb/lib/intel64/gcc4.4/ -L/usr/lib/gcc/x86_64-redhat-linux/4.8.5/../../../ -L/lib64 -L/lib/ -L/usr/lib64 -L/usr/lib CMakeFiles/cmTC_3d087.dir/CMakeFortranCompilerABI.F.o -Bdynamic -Bstatic -lifport -lifcoremt -limf -lsvml -Bdynamic -lm -Bstatic -lipgo -lirc -Bdynamic -lpthread -Bstatic -lsvml -Bdynamic -lc -lgcc -lgcc_s -Bstatic -lirc_s -Bdynamic -ldl -lc /usr/lib/gcc/x86_64-redhat-linux/4.8.5/crtend.o /usr/lib/gcc/x86_64-redhat-linux/4.8.5/../../../../lib64/crtn.o]
    arg [ld] ==> ignore
    arg [/usr/lib/gcc/x86_64-redhat-linux/4.8.5/../../../../lib64/crt1.o] ==> ignore
    arg [/usr/lib/gcc/x86_64-redhat-linux/4.8.5/../../../../lib64/crti.o] ==> ignore
    arg [/usr/lib/gcc/x86_64-redhat-linux/4.8.5/crtbegin.o] ==> ignore
    arg [--eh-frame-hdr] ==> ignore
    arg [--build-id] ==> ignore
    arg [-dynamic-linker] ==> ignore
    arg [/lib64/ld-linux-x86-64.so.2] ==> ignore
    arg [-m] ==> ignore
    arg [elf_x86_64] ==> ignore
    arg [-o] ==> ignore
    arg [cmTC_3d087] ==> ignore
    arg [/global/AWIsoft/intel/2018/compilers_and_libraries_2018.3.222/linux/compiler/lib/intel64_lin/for_main.o] ==> ignore
    arg [-L/global/AWIsoft/netcdf/4.6.2_intel_18.0.5/lib] ==> dir [/global/AWIsoft/netcdf/4.6.2_intel_18.0.5/lib]
    arg [-L/global/AWIsoft/intel/2018/compilers_and_libraries_2018.3.222/linux/mkl/lib/intel64] ==> dir [/global/AWIsoft/intel/2018/compilers_and_libraries_2018.3.222/linux/mkl/lib/intel64]
    arg [-L/global/AWIsoft/intel/2018/compilers_and_libraries_2018.3.222/linux/compiler/lib/intel64] ==> dir [/global/AWIsoft/intel/2018/compilers_and_libraries_2018.3.222/linux/compiler/lib/intel64]
    arg [-L/global/AWIsoft/intel/2018/compilers_and_libraries_2018.3.222/linux/ipp/../compiler/lib/intel64] ==> dir [/global/AWIsoft/intel/2018/compilers_and_libraries_2018.3.222/linux/ipp/../compiler/lib/intel64]
    arg [-L/global/AWIsoft/intel/2018/compilers_and_libraries_2018.3.222/linux/ipp/lib/intel64] ==> dir [/global/AWIsoft/intel/2018/compilers_and_libraries_2018.3.222/linux/ipp/lib/intel64]
    arg [-L/global/AWIsoft/intel/2018/compilers_and_libraries_2018.3.222/linux/tbb/lib/intel64/gcc4.4] ==> dir [/global/AWIsoft/intel/2018/compilers_and_libraries_2018.3.222/linux/tbb/lib/intel64/gcc4.4]
    arg [-L/global/AWIsoft/intel/2018/compilers_and_libraries_2018.3.222/linux/compiler/lib/intel64_lin] ==> dir [/global/AWIsoft/intel/2018/compilers_and_libraries_2018.3.222/linux/compiler/lib/intel64_lin]
    arg [-L/usr/lib/gcc/x86_64-redhat-linux/4.8.5/] ==> dir [/usr/lib/gcc/x86_64-redhat-linux/4.8.5/]
    arg [-L/usr/lib/gcc/x86_64-redhat-linux/4.8.5/../../../../lib64] ==> dir [/usr/lib/gcc/x86_64-redhat-linux/4.8.5/../../../../lib64]
    arg [-L/usr/lib/gcc/x86_64-redhat-linux/4.8.5/../../../../lib64/] ==> dir [/usr/lib/gcc/x86_64-redhat-linux/4.8.5/../../../../lib64/]
    arg [-L/lib/../lib64] ==> dir [/lib/../lib64]
    arg [-L/lib/../lib64/] ==> dir [/lib/../lib64/]
    arg [-L/usr/lib/../lib64] ==> dir [/usr/lib/../lib64]
    arg [-L/usr/lib/../lib64/] ==> dir [/usr/lib/../lib64/]
    arg [-L/global/AWIsoft/netcdf/4.6.2_intel_18.0.5/lib/] ==> dir [/global/AWIsoft/netcdf/4.6.2_intel_18.0.5/lib/]
    arg [-L/global/AWIsoft/intel/2018/compilers_and_libraries_2018.3.222/linux/mkl/lib/intel64/] ==> dir [/global/AWIsoft/intel/2018/compilers_and_libraries_2018.3.222/linux/mkl/lib/intel64/]
    arg [-L/global/AWIsoft/intel/2018/compilers_and_libraries_2018.3.222/linux/compiler/lib/intel64/] ==> dir [/global/AWIsoft/intel/2018/compilers_and_libraries_2018.3.222/linux/compiler/lib/intel64/]
    arg [-L/global/AWIsoft/intel/2018/compilers_and_libraries_2018.3.222/linux/ipp/../compiler/lib/intel64/] ==> dir [/global/AWIsoft/intel/2018/compilers_and_libraries_2018.3.222/linux/ipp/../compiler/lib/intel64/]
    arg [-L/global/AWIsoft/intel/2018/compilers_and_libraries_2018.3.222/linux/ipp/lib/intel64/] ==> dir [/global/AWIsoft/intel/2018/compilers_and_libraries_2018.3.222/linux/ipp/lib/intel64/]
    arg [-L/global/AWIsoft/intel/2018/compilers_and_libraries_2018.3.222/linux/tbb/lib/intel64/gcc4.4/] ==> dir [/global/AWIsoft/intel/2018/compilers_and_libraries_2018.3.222/linux/tbb/lib/intel64/gcc4.4/]
    arg [-L/usr/lib/gcc/x86_64-redhat-linux/4.8.5/../../../] ==> dir [/usr/lib/gcc/x86_64-redhat-linux/4.8.5/../../../]
    arg [-L/lib64] ==> dir [/lib64]
    arg [-L/lib/] ==> dir [/lib/]
    arg [-L/usr/lib64] ==> dir [/usr/lib64]
    arg [-L/usr/lib] ==> dir [/usr/lib]
    arg [CMakeFiles/cmTC_3d087.dir/CMakeFortranCompilerABI.F.o] ==> ignore
    arg [-Bdynamic] ==> ignore
    arg [-Bstatic] ==> ignore
    arg [-lifport] ==> lib [ifport]
    arg [-lifcoremt] ==> lib [ifcoremt]
    arg [-limf] ==> lib [imf]
    arg [-lsvml] ==> lib [svml]
    arg [-Bdynamic] ==> ignore
    arg [-lm] ==> lib [m]
    arg [-Bstatic] ==> ignore
    arg [-lipgo] ==> lib [ipgo]
    arg [-lirc] ==> lib [irc]
    arg [-Bdynamic] ==> ignore
    arg [-lpthread] ==> lib [pthread]
    arg [-Bstatic] ==> ignore
    arg [-lsvml] ==> lib [svml]
    arg [-Bdynamic] ==> ignore
    arg [-lc] ==> lib [c]
    arg [-lgcc] ==> lib [gcc]
    arg [-lgcc_s] ==> lib [gcc_s]
    arg [-Bstatic] ==> ignore
    arg [-lirc_s] ==> lib [irc_s]
    arg [-Bdynamic] ==> ignore
    arg [-ldl] ==> lib [dl]
    arg [-lc] ==> lib [c]
    arg [/usr/lib/gcc/x86_64-redhat-linux/4.8.5/crtend.o] ==> ignore
    arg [/usr/lib/gcc/x86_64-redhat-linux/4.8.5/../../../../lib64/crtn.o] ==> ignore
  collapse library dir [/global/AWIsoft/netcdf/4.6.2_intel_18.0.5/lib] ==> [/global/AWIsoft/netcdf/4.6.2_intel_18.0.5/lib]
  collapse library dir [/global/AWIsoft/intel/2018/compilers_and_libraries_2018.3.222/linux/mkl/lib/intel64] ==> [/global/AWIsoft/intel/2018/compilers_and_libraries_2018.3.222/linux/mkl/lib/intel64]
  collapse library dir [/global/AWIsoft/intel/2018/compilers_and_libraries_2018.3.222/linux/compiler/lib/intel64] ==> [/global/AWIsoft/intel/2018/compilers_and_libraries_2018.3.222/linux/compiler/lib/intel64]
  collapse library dir [/global/AWIsoft/intel/2018/compilers_and_libraries_2018.3.222/linux/ipp/../compiler/lib/intel64] ==> [/global/AWIsoft/intel/2018/compilers_and_libraries_2018.3.222/linux/compiler/lib/intel64]
  collapse library dir [/global/AWIsoft/intel/2018/compilers_and_libraries_2018.3.222/linux/ipp/lib/intel64] ==> [/global/AWIsoft/intel/2018/compilers_and_libraries_2018.3.222/linux/ipp/lib/intel64]
  collapse library dir [/global/AWIsoft/intel/2018/compilers_and_libraries_2018.3.222/linux/tbb/lib/intel64/gcc4.4] ==> [/global/AWIsoft/intel/2018/compilers_and_libraries_2018.3.222/linux/tbb/lib/intel64/gcc4.4]
  collapse library dir [/global/AWIsoft/intel/2018/compilers_and_libraries_2018.3.222/linux/compiler/lib/intel64_lin] ==> [/global/AWIsoft/intel/2018/compilers_and_libraries_2018.3.222/linux/compiler/lib/intel64_lin]
  collapse library dir [/usr/lib/gcc/x86_64-redhat-linux/4.8.5/] ==> [/usr/lib/gcc/x86_64-redhat-linux/4.8.5]
  collapse library dir [/usr/lib/gcc/x86_64-redhat-linux/4.8.5/../../../../lib64] ==> [/usr/lib64]
  collapse library dir [/usr/lib/gcc/x86_64-redhat-linux/4.8.5/../../../../lib64/] ==> [/usr/lib64]
  collapse library dir [/lib/../lib64] ==> [/lib64]
  collapse library dir [/lib/../lib64/] ==> [/lib64]
  collapse library dir [/usr/lib/../lib64] ==> [/usr/lib64]
  collapse library dir [/usr/lib/../lib64/] ==> [/usr/lib64]
  collapse library dir [/global/AWIsoft/netcdf/4.6.2_intel_18.0.5/lib/] ==> [/global/AWIsoft/netcdf/4.6.2_intel_18.0.5/lib]
  collapse library dir [/global/AWIsoft/intel/2018/compilers_and_libraries_2018.3.222/linux/mkl/lib/intel64/] ==> [/global/AWIsoft/intel/2018/compilers_and_libraries_2018.3.222/linux/mkl/lib/intel64]
  collapse library dir [/global/AWIsoft/intel/2018/compilers_and_libraries_2018.3.222/linux/compiler/lib/intel64/] ==> [/global/AWIsoft/intel/2018/compilers_and_libraries_2018.3.222/linux/compiler/lib/intel64]
  collapse library dir [/global/AWIsoft/intel/2018/compilers_and_libraries_2018.3.222/linux/ipp/../compiler/lib/intel64/] ==> [/global/AWIsoft/intel/2018/compilers_and_libraries_2018.3.222/linux/compiler/lib/intel64]
  collapse library dir [/global/AWIsoft/intel/2018/compilers_and_libraries_2018.3.222/linux/ipp/lib/intel64/] ==> [/global/AWIsoft/intel/2018/compilers_and_libraries_2018.3.222/linux/ipp/lib/intel64]
  collapse library dir [/global/AWIsoft/intel/2018/compilers_and_libraries_2018.3.222/linux/tbb/lib/intel64/gcc4.4/] ==> [/global/AWIsoft/intel/2018/compilers_and_libraries_2018.3.222/linux/tbb/lib/intel64/gcc4.4]
  collapse library dir [/usr/lib/gcc/x86_64-redhat-linux/4.8.5/../../../] ==> [/usr/lib]
  collapse library dir [/lib64] ==> [/lib64]
  collapse library dir [/lib/] ==> [/lib]
  collapse library dir [/usr/lib64] ==> [/usr/lib64]
  collapse library dir [/usr/lib] ==> [/usr/lib]
  implicit libs: [ifport;ifcoremt;imf;svml;m;ipgo;irc;pthread;svml;c;gcc;gcc_s;irc_s;dl;c]
  implicit dirs: [/global/AWIsoft/netcdf/4.6.2_intel_18.0.5/lib;/global/AWIsoft/intel/2018/compilers_and_libraries_2018.3.222/linux/mkl/lib/intel64;/global/AWIsoft/intel/2018/compilers_and_libraries_2018.3.222/linux/compiler/lib/intel64;/global/AWIsoft/intel/2018/compilers_and_libraries_2018.3.222/linux/ipp/lib/intel64;/global/AWIsoft/intel/2018/compilers_and_libraries_2018.3.222/linux/tbb/lib/intel64/gcc4.4;/global/AWIsoft/intel/2018/compilers_and_libraries_2018.3.222/linux/compiler/lib/intel64_lin;/usr/lib/gcc/x86_64-redhat-linux/4.8.5;/usr/lib64;/lib64;/usr/lib;/lib]
  implicit fwks: []


Determining if the Fortran compiler supports Fortran 90 passed with the following output:
Change Dir: /home/ollie/fdaryabo/GOTM/source/repos/EAT/build/CMakeFiles/CMakeTmp

Run Build Command:"/usr/bin/gmake" "cmTC_90e04/fast"
/usr/bin/gmake -f CMakeFiles/cmTC_90e04.dir/build.make CMakeFiles/cmTC_90e04.dir/build
gmake[1]: Entering directory `/home/ollie/fdaryabo/GOTM/source/repos/EAT/build/CMakeFiles/CMakeTmp'
Building Fortran object CMakeFiles/cmTC_90e04.dir/testFortranCompilerF90.f90.o
/global/AWIsoft/intel/2018/compilers_and_libraries_2018.3.222/linux/bin/intel64/ifort    -c /home/ollie/fdaryabo/GOTM/source/repos/EAT/build/CMakeFiles/CMakeTmp/testFortranCompilerF90.f90 -o CMakeFiles/cmTC_90e04.dir/testFortranCompilerF90.f90.o
Linking Fortran executable cmTC_90e04
/global/AWIsoft/cmake/3.13.3/bin/cmake -E cmake_link_script CMakeFiles/cmTC_90e04.dir/link.txt --verbose=1
/global/AWIsoft/intel/2018/compilers_and_libraries_2018.3.222/linux/bin/intel64/ifort      CMakeFiles/cmTC_90e04.dir/testFortranCompilerF90.f90.o  -o cmTC_90e04 
gmake[1]: Leaving directory `/home/ollie/fdaryabo/GOTM/source/repos/EAT/build/CMakeFiles/CMakeTmp'


Compiling the C compiler identification source file "CMakeCCompilerId.c" succeeded.
Compiler: /usr/bin/cc 
Build flags: 
Id flags:  

The output was:
0


Compilation of the C compiler identification source "CMakeCCompilerId.c" produced "a.out"

The C compiler identification is GNU, found in "/home/ollie/fdaryabo/GOTM/source/repos/EAT/build/CMakeFiles/3.13.3/CompilerIdC/a.out"

Determining if the C compiler works passed with the following output:
Change Dir: /home/ollie/fdaryabo/GOTM/source/repos/EAT/build/CMakeFiles/CMakeTmp

Run Build Command:"/usr/bin/gmake" "cmTC_62aa4/fast"
/usr/bin/gmake -f CMakeFiles/cmTC_62aa4.dir/build.make CMakeFiles/cmTC_62aa4.dir/build
gmake[1]: Entering directory `/home/ollie/fdaryabo/GOTM/source/repos/EAT/build/CMakeFiles/CMakeTmp'
Building C object CMakeFiles/cmTC_62aa4.dir/testCCompiler.c.o
/usr/bin/cc    -o CMakeFiles/cmTC_62aa4.dir/testCCompiler.c.o   -c /home/ollie/fdaryabo/GOTM/source/repos/EAT/build/CMakeFiles/CMakeTmp/testCCompiler.c
Linking C executable cmTC_62aa4
/global/AWIsoft/cmake/3.13.3/bin/cmake -E cmake_link_script CMakeFiles/cmTC_62aa4.dir/link.txt --verbose=1
/usr/bin/cc      CMakeFiles/cmTC_62aa4.dir/testCCompiler.c.o  -o cmTC_62aa4 
gmake[1]: Leaving directory `/home/ollie/fdaryabo/GOTM/source/repos/EAT/build/CMakeFiles/CMakeTmp'


Detecting C compiler ABI info compiled with the following output:
Change Dir: /home/ollie/fdaryabo/GOTM/source/repos/EAT/build/CMakeFiles/CMakeTmp

Run Build Command:"/usr/bin/gmake" "cmTC_a5030/fast"
/usr/bin/gmake -f CMakeFiles/cmTC_a5030.dir/build.make CMakeFiles/cmTC_a5030.dir/build
gmake[1]: Entering directory `/home/ollie/fdaryabo/GOTM/source/repos/EAT/build/CMakeFiles/CMakeTmp'
Building C object CMakeFiles/cmTC_a5030.dir/CMakeCCompilerABI.c.o
/usr/bin/cc    -o CMakeFiles/cmTC_a5030.dir/CMakeCCompilerABI.c.o   -c /global/AWIsoft/cmake/3.13.3/share/cmake-3.13/Modules/CMakeCCompilerABI.c
Linking C executable cmTC_a5030
/global/AWIsoft/cmake/3.13.3/bin/cmake -E cmake_link_script CMakeFiles/cmTC_a5030.dir/link.txt --verbose=1
/usr/bin/cc     -v CMakeFiles/cmTC_a5030.dir/CMakeCCompilerABI.c.o  -o cmTC_a5030 
Using built-in specs.
COLLECT_GCC=/usr/bin/cc
COLLECT_LTO_WRAPPER=/usr/libexec/gcc/x86_64-redhat-linux/4.8.5/lto-wrapper
Target: x86_64-redhat-linux
Configured with: ../configure --prefix=/usr --mandir=/usr/share/man --infodir=/usr/share/info --with-bugurl=http://bugzilla.redhat.com/bugzilla --enable-bootstrap --enable-shared --enable-threads=posix --enable-checking=release --with-system-zlib --enable-__cxa_atexit --disable-libunwind-exceptions --enable-gnu-unique-object --enable-linker-build-id --with-linker-hash-style=gnu --enable-languages=c,c++,objc,obj-c++,java,fortran,ada,go,lto --enable-plugin --enable-initfini-array --disable-libgcj --with-isl=/builddir/build/BUILD/gcc-4.8.5-20150702/obj-x86_64-redhat-linux/isl-install --with-cloog=/builddir/build/BUILD/gcc-4.8.5-20150702/obj-x86_64-redhat-linux/cloog-install --enable-gnu-indirect-function --with-tune=generic --with-arch_32=x86-64 --build=x86_64-redhat-linux
Thread model: posix
gcc version 4.8.5 20150623 (Red Hat 4.8.5-28) (GCC) 
COMPILER_PATH=/usr/libexec/gcc/x86_64-redhat-linux/4.8.5/:/usr/libexec/gcc/x86_64-redhat-linux/4.8.5/:/usr/libexec/gcc/x86_64-redhat-linux/:/usr/lib/gcc/x86_64-redhat-linux/4.8.5/:/usr/lib/gcc/x86_64-redhat-linux/
LIBRARY_PATH=/usr/lib/gcc/x86_64-redhat-linux/4.8.5/:/usr/lib/gcc/x86_64-redhat-linux/4.8.5/../../../../lib64/:/lib/../lib64/:/usr/lib/../lib64/:/global/AWIsoft/netcdf/4.6.2_intel_18.0.5/lib/:/global/AWIsoft/intel/2018/compilers_and_libraries_2018.3.222/linux/mkl/lib/intel64/:/global/AWIsoft/intel/2018/compilers_and_libraries_2018.3.222/linux/compiler/lib/intel64/:/global/AWIsoft/intel/2018/compilers_and_libraries_2018.3.222/linux/ipp/../compiler/lib/intel64/:/global/AWIsoft/intel/2018/compilers_and_libraries_2018.3.222/linux/ipp/lib/intel64/:/global/AWIsoft/intel/2018/compilers_and_libraries_2018.3.222/linux/tbb/lib/intel64/gcc4.4/:/usr/lib/gcc/x86_64-redhat-linux/4.8.5/../../../:/lib/:/usr/lib/
COLLECT_GCC_OPTIONS='-v' '-o' 'cmTC_a5030' '-mtune=generic' '-march=x86-64'
 /usr/libexec/gcc/x86_64-redhat-linux/4.8.5/collect2 --build-id --no-add-needed --eh-frame-hdr --hash-style=gnu -m elf_x86_64 -dynamic-linker /lib64/ld-linux-x86-64.so.2 -o cmTC_a5030 /usr/lib/gcc/x86_64-redhat-linux/4.8.5/../../../../lib64/crt1.o /usr/lib/gcc/x86_64-redhat-linux/4.8.5/../../../../lib64/crti.o /usr/lib/gcc/x86_64-redhat-linux/4.8.5/crtbegin.o -L/usr/lib/gcc/x86_64-redhat-linux/4.8.5 -L/usr/lib/gcc/x86_64-redhat-linux/4.8.5/../../../../lib64 -L/lib/../lib64 -L/usr/lib/../lib64 -L/global/AWIsoft/netcdf/4.6.2_intel_18.0.5/lib -L/global/AWIsoft/intel/2018/compilers_and_libraries_2018.3.222/linux/mkl/lib/intel64 -L/global/AWIsoft/intel/2018/compilers_and_libraries_2018.3.222/linux/compiler/lib/intel64 -L/global/AWIsoft/intel/2018/compilers_and_libraries_2018.3.222/linux/ipp/../compiler/lib/intel64 -L/global/AWIsoft/intel/2018/compilers_and_libraries_2018.3.222/linux/ipp/lib/intel64 -L/global/AWIsoft/intel/2018/compilers_and_libraries_2018.3.222/linux/tbb/lib/intel64/gcc4.4 -L/usr/lib/gcc/x86_64-redhat-linux/4.8.5/../../.. CMakeFiles/cmTC_a5030.dir/CMakeCCompilerABI.c.o -lgcc --as-needed -lgcc_s --no-as-needed -lc -lgcc --as-needed -lgcc_s --no-as-needed /usr/lib/gcc/x86_64-redhat-linux/4.8.5/crtend.o /usr/lib/gcc/x86_64-redhat-linux/4.8.5/../../../../lib64/crtn.o
gmake[1]: Leaving directory `/home/ollie/fdaryabo/GOTM/source/repos/EAT/build/CMakeFiles/CMakeTmp'


Parsed C implicit link information from above output:
  link line regex: [^( *|.*[/\])(ld|CMAKE_LINK_STARTFILE-NOTFOUND|([^/\]+-)?ld|collect2)[^/\]*( |$)]
  ignore line: [Change Dir: /home/ollie/fdaryabo/GOTM/source/repos/EAT/build/CMakeFiles/CMakeTmp]
  ignore line: []
  ignore line: [Run Build Command:"/usr/bin/gmake" "cmTC_a5030/fast"]
  ignore line: [/usr/bin/gmake -f CMakeFiles/cmTC_a5030.dir/build.make CMakeFiles/cmTC_a5030.dir/build]
  ignore line: [gmake[1]: Entering directory `/home/ollie/fdaryabo/GOTM/source/repos/EAT/build/CMakeFiles/CMakeTmp']
  ignore line: [Building C object CMakeFiles/cmTC_a5030.dir/CMakeCCompilerABI.c.o]
  ignore line: [/usr/bin/cc    -o CMakeFiles/cmTC_a5030.dir/CMakeCCompilerABI.c.o   -c /global/AWIsoft/cmake/3.13.3/share/cmake-3.13/Modules/CMakeCCompilerABI.c]
  ignore line: [Linking C executable cmTC_a5030]
  ignore line: [/global/AWIsoft/cmake/3.13.3/bin/cmake -E cmake_link_script CMakeFiles/cmTC_a5030.dir/link.txt --verbose=1]
  ignore line: [/usr/bin/cc     -v CMakeFiles/cmTC_a5030.dir/CMakeCCompilerABI.c.o  -o cmTC_a5030 ]
  ignore line: [Using built-in specs.]
  ignore line: [COLLECT_GCC=/usr/bin/cc]
  ignore line: [COLLECT_LTO_WRAPPER=/usr/libexec/gcc/x86_64-redhat-linux/4.8.5/lto-wrapper]
  ignore line: [Target: x86_64-redhat-linux]
  ignore line: [Configured with: ../configure --prefix=/usr --mandir=/usr/share/man --infodir=/usr/share/info --with-bugurl=http://bugzilla.redhat.com/bugzilla --enable-bootstrap --enable-shared --enable-threads=posix --enable-checking=release --with-system-zlib --enable-__cxa_atexit --disable-libunwind-exceptions --enable-gnu-unique-object --enable-linker-build-id --with-linker-hash-style=gnu --enable-languages=c,c++,objc,obj-c++,java,fortran,ada,go,lto --enable-plugin --enable-initfini-array --disable-libgcj --with-isl=/builddir/build/BUILD/gcc-4.8.5-20150702/obj-x86_64-redhat-linux/isl-install --with-cloog=/builddir/build/BUILD/gcc-4.8.5-20150702/obj-x86_64-redhat-linux/cloog-install --enable-gnu-indirect-function --with-tune=generic --with-arch_32=x86-64 --build=x86_64-redhat-linux]
  ignore line: [Thread model: posix]
  ignore line: [gcc version 4.8.5 20150623 (Red Hat 4.8.5-28) (GCC) ]
  ignore line: [COMPILER_PATH=/usr/libexec/gcc/x86_64-redhat-linux/4.8.5/:/usr/libexec/gcc/x86_64-redhat-linux/4.8.5/:/usr/libexec/gcc/x86_64-redhat-linux/:/usr/lib/gcc/x86_64-redhat-linux/4.8.5/:/usr/lib/gcc/x86_64-redhat-linux/]
  ignore line: [LIBRARY_PATH=/usr/lib/gcc/x86_64-redhat-linux/4.8.5/:/usr/lib/gcc/x86_64-redhat-linux/4.8.5/../../../../lib64/:/lib/../lib64/:/usr/lib/../lib64/:/global/AWIsoft/netcdf/4.6.2_intel_18.0.5/lib/:/global/AWIsoft/intel/2018/compilers_and_libraries_2018.3.222/linux/mkl/lib/intel64/:/global/AWIsoft/intel/2018/compilers_and_libraries_2018.3.222/linux/compiler/lib/intel64/:/global/AWIsoft/intel/2018/compilers_and_libraries_2018.3.222/linux/ipp/../compiler/lib/intel64/:/global/AWIsoft/intel/2018/compilers_and_libraries_2018.3.222/linux/ipp/lib/intel64/:/global/AWIsoft/intel/2018/compilers_and_libraries_2018.3.222/linux/tbb/lib/intel64/gcc4.4/:/usr/lib/gcc/x86_64-redhat-linux/4.8.5/../../../:/lib/:/usr/lib/]
  ignore line: [COLLECT_GCC_OPTIONS='-v' '-o' 'cmTC_a5030' '-mtune=generic' '-march=x86-64']
  link line: [ /usr/libexec/gcc/x86_64-redhat-linux/4.8.5/collect2 --build-id --no-add-needed --eh-frame-hdr --hash-style=gnu -m elf_x86_64 -dynamic-linker /lib64/ld-linux-x86-64.so.2 -o cmTC_a5030 /usr/lib/gcc/x86_64-redhat-linux/4.8.5/../../../../lib64/crt1.o /usr/lib/gcc/x86_64-redhat-linux/4.8.5/../../../../lib64/crti.o /usr/lib/gcc/x86_64-redhat-linux/4.8.5/crtbegin.o -L/usr/lib/gcc/x86_64-redhat-linux/4.8.5 -L/usr/lib/gcc/x86_64-redhat-linux/4.8.5/../../../../lib64 -L/lib/../lib64 -L/usr/lib/../lib64 -L/global/AWIsoft/netcdf/4.6.2_intel_18.0.5/lib -L/global/AWIsoft/intel/2018/compilers_and_libraries_2018.3.222/linux/mkl/lib/intel64 -L/global/AWIsoft/intel/2018/compilers_and_libraries_2018.3.222/linux/compiler/lib/intel64 -L/global/AWIsoft/intel/2018/compilers_and_libraries_2018.3.222/linux/ipp/../compiler/lib/intel64 -L/global/AWIsoft/intel/2018/compilers_and_libraries_2018.3.222/linux/ipp/lib/intel64 -L/global/AWIsoft/intel/2018/compilers_and_libraries_2018.3.222/linux/tbb/lib/intel64/gcc4.4 -L/usr/lib/gcc/x86_64-redhat-linux/4.8.5/../../.. CMakeFiles/cmTC_a5030.dir/CMakeCCompilerABI.c.o -lgcc --as-needed -lgcc_s --no-as-needed -lc -lgcc --as-needed -lgcc_s --no-as-needed /usr/lib/gcc/x86_64-redhat-linux/4.8.5/crtend.o /usr/lib/gcc/x86_64-redhat-linux/4.8.5/../../../../lib64/crtn.o]
    arg [/usr/libexec/gcc/x86_64-redhat-linux/4.8.5/collect2] ==> ignore
    arg [--build-id] ==> ignore
    arg [--no-add-needed] ==> ignore
    arg [--eh-frame-hdr] ==> ignore
    arg [--hash-style=gnu] ==> ignore
    arg [-m] ==> ignore
    arg [elf_x86_64] ==> ignore
    arg [-dynamic-linker] ==> ignore
    arg [/lib64/ld-linux-x86-64.so.2] ==> ignore
    arg [-o] ==> ignore
    arg [cmTC_a5030] ==> ignore
    arg [/usr/lib/gcc/x86_64-redhat-linux/4.8.5/../../../../lib64/crt1.o] ==> ignore
    arg [/usr/lib/gcc/x86_64-redhat-linux/4.8.5/../../../../lib64/crti.o] ==> ignore
    arg [/usr/lib/gcc/x86_64-redhat-linux/4.8.5/crtbegin.o] ==> ignore
    arg [-L/usr/lib/gcc/x86_64-redhat-linux/4.8.5] ==> dir [/usr/lib/gcc/x86_64-redhat-linux/4.8.5]
    arg [-L/usr/lib/gcc/x86_64-redhat-linux/4.8.5/../../../../lib64] ==> dir [/usr/lib/gcc/x86_64-redhat-linux/4.8.5/../../../../lib64]
    arg [-L/lib/../lib64] ==> dir [/lib/../lib64]
    arg [-L/usr/lib/../lib64] ==> dir [/usr/lib/../lib64]
    arg [-L/global/AWIsoft/netcdf/4.6.2_intel_18.0.5/lib] ==> dir [/global/AWIsoft/netcdf/4.6.2_intel_18.0.5/lib]
    arg [-L/global/AWIsoft/intel/2018/compilers_and_libraries_2018.3.222/linux/mkl/lib/intel64] ==> dir [/global/AWIsoft/intel/2018/compilers_and_libraries_2018.3.222/linux/mkl/lib/intel64]
    arg [-L/global/AWIsoft/intel/2018/compilers_and_libraries_2018.3.222/linux/compiler/lib/intel64] ==> dir [/global/AWIsoft/intel/2018/compilers_and_libraries_2018.3.222/linux/compiler/lib/intel64]
    arg [-L/global/AWIsoft/intel/2018/compilers_and_libraries_2018.3.222/linux/ipp/../compiler/lib/intel64] ==> dir [/global/AWIsoft/intel/2018/compilers_and_libraries_2018.3.222/linux/ipp/../compiler/lib/intel64]
    arg [-L/global/AWIsoft/intel/2018/compilers_and_libraries_2018.3.222/linux/ipp/lib/intel64] ==> dir [/global/AWIsoft/intel/2018/compilers_and_libraries_2018.3.222/linux/ipp/lib/intel64]
    arg [-L/global/AWIsoft/intel/2018/compilers_and_libraries_2018.3.222/linux/tbb/lib/intel64/gcc4.4] ==> dir [/global/AWIsoft/intel/2018/compilers_and_libraries_2018.3.222/linux/tbb/lib/intel64/gcc4.4]
    arg [-L/usr/lib/gcc/x86_64-redhat-linux/4.8.5/../../..] ==> dir [/usr/lib/gcc/x86_64-redhat-linux/4.8.5/../../..]
    arg [CMakeFiles/cmTC_a5030.dir/CMakeCCompilerABI.c.o] ==> ignore
    arg [-lgcc] ==> lib [gcc]
    arg [--as-needed] ==> ignore
    arg [-lgcc_s] ==> lib [gcc_s]
    arg [--no-as-needed] ==> ignore
    arg [-lc] ==> lib [c]
    arg [-lgcc] ==> lib [gcc]
    arg [--as-needed] ==> ignore
    arg [-lgcc_s] ==> lib [gcc_s]
    arg [--no-as-needed] ==> ignore
    arg [/usr/lib/gcc/x86_64-redhat-linux/4.8.5/crtend.o] ==> ignore
    arg [/usr/lib/gcc/x86_64-redhat-linux/4.8.5/../../../../lib64/crtn.o] ==> ignore
  collapse library dir [/usr/lib/gcc/x86_64-redhat-linux/4.8.5] ==> [/usr/lib/gcc/x86_64-redhat-linux/4.8.5]
  collapse library dir [/usr/lib/gcc/x86_64-redhat-linux/4.8.5/../../../../lib64] ==> [/usr/lib64]
  collapse library dir [/lib/../lib64] ==> [/lib64]
  collapse library dir [/usr/lib/../lib64] ==> [/usr/lib64]
  collapse library dir [/global/AWIsoft/netcdf/4.6.2_intel_18.0.5/lib] ==> [/global/AWIsoft/netcdf/4.6.2_intel_18.0.5/lib]
  collapse library dir [/global/AWIsoft/intel/2018/compilers_and_libraries_2018.3.222/linux/mkl/lib/intel64] ==> [/global/AWIsoft/intel/2018/compilers_and_libraries_2018.3.222/linux/mkl/lib/intel64]
  collapse library dir [/global/AWIsoft/intel/2018/compilers_and_libraries_2018.3.222/linux/compiler/lib/intel64] ==> [/global/AWIsoft/intel/2018/compilers_and_libraries_2018.3.222/linux/compiler/lib/intel64]
  collapse library dir [/global/AWIsoft/intel/2018/compilers_and_libraries_2018.3.222/linux/ipp/../compiler/lib/intel64] ==> [/global/AWIsoft/intel/2018/compilers_and_libraries_2018.3.222/linux/compiler/lib/intel64]
  collapse library dir [/global/AWIsoft/intel/2018/compilers_and_libraries_2018.3.222/linux/ipp/lib/intel64] ==> [/global/AWIsoft/intel/2018/compilers_and_libraries_2018.3.222/linux/ipp/lib/intel64]
  collapse library dir [/global/AWIsoft/intel/2018/compilers_and_libraries_2018.3.222/linux/tbb/lib/intel64/gcc4.4] ==> [/global/AWIsoft/intel/2018/compilers_and_libraries_2018.3.222/linux/tbb/lib/intel64/gcc4.4]
  collapse library dir [/usr/lib/gcc/x86_64-redhat-linux/4.8.5/../../..] ==> [/usr/lib]
  implicit libs: [gcc;gcc_s;c;gcc;gcc_s]
  implicit dirs: [/usr/lib/gcc/x86_64-redhat-linux/4.8.5;/usr/lib64;/lib64;/global/AWIsoft/netcdf/4.6.2_intel_18.0.5/lib;/global/AWIsoft/intel/2018/compilers_and_libraries_2018.3.222/linux/mkl/lib/intel64;/global/AWIsoft/intel/2018/compilers_and_libraries_2018.3.222/linux/compiler/lib/intel64;/global/AWIsoft/intel/2018/compilers_and_libraries_2018.3.222/linux/ipp/lib/intel64;/global/AWIsoft/intel/2018/compilers_and_libraries_2018.3.222/linux/tbb/lib/intel64/gcc4.4;/usr/lib]
  implicit fwks: []




Detecting C [-std=c11] compiler features compiled with the following output:
Change Dir: /home/ollie/fdaryabo/GOTM/source/repos/EAT/build/CMakeFiles/CMakeTmp

Run Build Command:"/usr/bin/gmake" "cmTC_285fb/fast"
/usr/bin/gmake -f CMakeFiles/cmTC_285fb.dir/build.make CMakeFiles/cmTC_285fb.dir/build
gmake[1]: Entering directory `/home/ollie/fdaryabo/GOTM/source/repos/EAT/build/CMakeFiles/CMakeTmp'
Building C object CMakeFiles/cmTC_285fb.dir/feature_tests.c.o
/usr/bin/cc   -std=c11 -o CMakeFiles/cmTC_285fb.dir/feature_tests.c.o   -c /home/ollie/fdaryabo/GOTM/source/repos/EAT/build/CMakeFiles/feature_tests.c
Linking C executable cmTC_285fb
/global/AWIsoft/cmake/3.13.3/bin/cmake -E cmake_link_script CMakeFiles/cmTC_285fb.dir/link.txt --verbose=1
/usr/bin/cc      CMakeFiles/cmTC_285fb.dir/feature_tests.c.o  -o cmTC_285fb 
gmake[1]: Leaving directory `/home/ollie/fdaryabo/GOTM/source/repos/EAT/build/CMakeFiles/CMakeTmp'


    Feature record: C_FEATURE:1c_function_prototypes
    Feature record: C_FEATURE:1c_restrict
    Feature record: C_FEATURE:1c_static_assert
    Feature record: C_FEATURE:1c_variadic_macros


Detecting C [-std=c99] compiler features compiled with the following output:
Change Dir: /home/ollie/fdaryabo/GOTM/source/repos/EAT/build/CMakeFiles/CMakeTmp

Run Build Command:"/usr/bin/gmake" "cmTC_85d46/fast"
/usr/bin/gmake -f CMakeFiles/cmTC_85d46.dir/build.make CMakeFiles/cmTC_85d46.dir/build
gmake[1]: Entering directory `/home/ollie/fdaryabo/GOTM/source/repos/EAT/build/CMakeFiles/CMakeTmp'
Building C object CMakeFiles/cmTC_85d46.dir/feature_tests.c.o
/usr/bin/cc   -std=c99 -o CMakeFiles/cmTC_85d46.dir/feature_tests.c.o   -c /home/ollie/fdaryabo/GOTM/source/repos/EAT/build/CMakeFiles/feature_tests.c
Linking C executable cmTC_85d46
/global/AWIsoft/cmake/3.13.3/bin/cmake -E cmake_link_script CMakeFiles/cmTC_85d46.dir/link.txt --verbose=1
/usr/bin/cc      CMakeFiles/cmTC_85d46.dir/feature_tests.c.o  -o cmTC_85d46 
gmake[1]: Leaving directory `/home/ollie/fdaryabo/GOTM/source/repos/EAT/build/CMakeFiles/CMakeTmp'


    Feature record: C_FEATURE:1c_function_prototypes
    Feature record: C_FEATURE:1c_restrict
    Feature record: C_FEATURE:0c_static_assert
    Feature record: C_FEATURE:1c_variadic_macros


Detecting C [-std=c90] compiler features compiled with the following output:
Change Dir: /home/ollie/fdaryabo/GOTM/source/repos/EAT/build/CMakeFiles/CMakeTmp

Run Build Command:"/usr/bin/gmake" "cmTC_b417a/fast"
/usr/bin/gmake -f CMakeFiles/cmTC_b417a.dir/build.make CMakeFiles/cmTC_b417a.dir/build
gmake[1]: Entering directory `/home/ollie/fdaryabo/GOTM/source/repos/EAT/build/CMakeFiles/CMakeTmp'
Building C object CMakeFiles/cmTC_b417a.dir/feature_tests.c.o
/usr/bin/cc   -std=c90 -o CMakeFiles/cmTC_b417a.dir/feature_tests.c.o   -c /home/ollie/fdaryabo/GOTM/source/repos/EAT/build/CMakeFiles/feature_tests.c
Linking C executable cmTC_b417a
/global/AWIsoft/cmake/3.13.3/bin/cmake -E cmake_link_script CMakeFiles/cmTC_b417a.dir/link.txt --verbose=1
/usr/bin/cc      CMakeFiles/cmTC_b417a.dir/feature_tests.c.o  -o cmTC_b417a 
gmake[1]: Leaving directory `/home/ollie/fdaryabo/GOTM/source/repos/EAT/build/CMakeFiles/CMakeTmp'


    Feature record: C_FEATURE:1c_function_prototypes
    Feature record: C_FEATURE:0c_restrict
    Feature record: C_FEATURE:0c_static_assert
    Feature record: C_FEATURE:0c_variadic_macros
Determining if the include file pthread.h exists passed with the following output:
Change Dir: /home/ollie/fdaryabo/GOTM/source/repos/EAT/build/CMakeFiles/CMakeTmp

Run Build Command:"/usr/bin/gmake" "cmTC_199f0/fast"
/usr/bin/gmake -f CMakeFiles/cmTC_199f0.dir/build.make CMakeFiles/cmTC_199f0.dir/build
gmake[1]: Entering directory `/home/ollie/fdaryabo/GOTM/source/repos/EAT/build/CMakeFiles/CMakeTmp'
Building C object CMakeFiles/cmTC_199f0.dir/CheckIncludeFile.c.o
/usr/bin/cc    -o CMakeFiles/cmTC_199f0.dir/CheckIncludeFile.c.o   -c /home/ollie/fdaryabo/GOTM/source/repos/EAT/build/CMakeFiles/CMakeTmp/CheckIncludeFile.c
Linking C executable cmTC_199f0
/global/AWIsoft/cmake/3.13.3/bin/cmake -E cmake_link_script CMakeFiles/cmTC_199f0.dir/link.txt --verbose=1
/usr/bin/cc      CMakeFiles/cmTC_199f0.dir/CheckIncludeFile.c.o  -o cmTC_199f0 
gmake[1]: Leaving directory `/home/ollie/fdaryabo/GOTM/source/repos/EAT/build/CMakeFiles/CMakeTmp'


Determining if the function pthread_create exists in the pthread passed with the following output:
Change Dir: /home/ollie/fdaryabo/GOTM/source/repos/EAT/build/CMakeFiles/CMakeTmp

Run Build Command:"/usr/bin/gmake" "cmTC_97c27/fast"
/usr/bin/gmake -f CMakeFiles/cmTC_97c27.dir/build.make CMakeFiles/cmTC_97c27.dir/build
gmake[1]: Entering directory `/home/ollie/fdaryabo/GOTM/source/repos/EAT/build/CMakeFiles/CMakeTmp'
Building C object CMakeFiles/cmTC_97c27.dir/CheckFunctionExists.c.o
/usr/bin/cc   -DCHECK_FUNCTION_EXISTS=pthread_create   -o CMakeFiles/cmTC_97c27.dir/CheckFunctionExists.c.o   -c /global/AWIsoft/cmake/3.13.3/share/cmake-3.13/Modules/CheckFunctionExists.c
Linking C executable cmTC_97c27
/global/AWIsoft/cmake/3.13.3/bin/cmake -E cmake_link_script CMakeFiles/cmTC_97c27.dir/link.txt --verbose=1
/usr/bin/cc  -DCHECK_FUNCTION_EXISTS=pthread_create    CMakeFiles/cmTC_97c27.dir/CheckFunctionExists.c.o  -o cmTC_97c27 -lpthread 
gmake[1]: Leaving directory `/home/ollie/fdaryabo/GOTM/source/repos/EAT/build/CMakeFiles/CMakeTmp'


Determining if the Fortran sgemm exists passed with the following output:
Change Dir: /home/ollie/fdaryabo/GOTM/source/repos/EAT/build/CMakeFiles/CMakeTmp

Run Build Command:"/usr/bin/gmake" "cmTC_3e2d6/fast"
/usr/bin/gmake -f CMakeFiles/cmTC_3e2d6.dir/build.make CMakeFiles/cmTC_3e2d6.dir/build
gmake[1]: Entering directory `/home/ollie/fdaryabo/GOTM/source/repos/EAT/build/CMakeFiles/CMakeTmp'
Building Fortran object CMakeFiles/cmTC_3e2d6.dir/testFortranCompiler.f.o
/global/AWIsoft/intel/2018/compilers_and_libraries_2018.3.222/linux/bin/intel64/ifort   -r8    -c /home/ollie/fdaryabo/GOTM/source/repos/EAT/build/CMakeFiles/CMakeTmp/testFortranCompiler.f -o CMakeFiles/cmTC_3e2d6.dir/testFortranCompiler.f.o
Linking Fortran executable cmTC_3e2d6
/global/AWIsoft/cmake/3.13.3/bin/cmake -E cmake_link_script CMakeFiles/cmTC_3e2d6.dir/link.txt --verbose=1
/global/AWIsoft/intel/2018/compilers_and_libraries_2018.3.222/linux/bin/intel64/ifort     -r8  CMakeFiles/cmTC_3e2d6.dir/testFortranCompiler.f.o  -o cmTC_3e2d6 -lmkl_intel_lp64 -lmkl_sequential -lmkl_core -lpthread -lm 
gmake[1]: Leaving directory `/home/ollie/fdaryabo/GOTM/source/repos/EAT/build/CMakeFiles/CMakeTmp'


Determining if the Fortran cheev exists passed with the following output:
Change Dir: /home/ollie/fdaryabo/GOTM/source/repos/EAT/build/CMakeFiles/CMakeTmp

Run Build Command:"/usr/bin/gmake" "cmTC_9c900/fast"
/usr/bin/gmake -f CMakeFiles/cmTC_9c900.dir/build.make CMakeFiles/cmTC_9c900.dir/build
gmake[1]: Entering directory `/home/ollie/fdaryabo/GOTM/source/repos/EAT/build/CMakeFiles/CMakeTmp'
Building Fortran object CMakeFiles/cmTC_9c900.dir/testFortranCompiler.f.o
/global/AWIsoft/intel/2018/compilers_and_libraries_2018.3.222/linux/bin/intel64/ifort   -r8    -c /home/ollie/fdaryabo/GOTM/source/repos/EAT/build/CMakeFiles/CMakeTmp/testFortranCompiler.f -o CMakeFiles/cmTC_9c900.dir/testFortranCompiler.f.o
Linking Fortran executable cmTC_9c900
/global/AWIsoft/cmake/3.13.3/bin/cmake -E cmake_link_script CMakeFiles/cmTC_9c900.dir/link.txt --verbose=1
/global/AWIsoft/intel/2018/compilers_and_libraries_2018.3.222/linux/bin/intel64/ifort     -r8  CMakeFiles/cmTC_9c900.dir/testFortranCompiler.f.o  -o cmTC_9c900 -lmkl_intel_lp64 -lmkl_sequential -lmkl_core -lpthread -lm 
gmake[1]: Leaving directory `/home/ollie/fdaryabo/GOTM/source/repos/EAT/build/CMakeFiles/CMakeTmp'


Determining if the Fortran cheev exists passed with the following output:
Change Dir: /home/ollie/fdaryabo/GOTM/source/repos/EAT/build/CMakeFiles/CMakeTmp

Run Build Command:"/usr/bin/gmake" "cmTC_1882f/fast"
/usr/bin/gmake -f CMakeFiles/cmTC_1882f.dir/build.make CMakeFiles/cmTC_1882f.dir/build
gmake[1]: Entering directory `/home/ollie/fdaryabo/GOTM/source/repos/EAT/build/CMakeFiles/CMakeTmp'
Building Fortran object CMakeFiles/cmTC_1882f.dir/testFortranCompiler.f.o
/global/AWIsoft/intel/2018/compilers_and_libraries_2018.3.222/linux/bin/intel64/ifort    -c /home/ollie/fdaryabo/GOTM/source/repos/EAT/build/CMakeFiles/CMakeTmp/testFortranCompiler.f -o CMakeFiles/cmTC_1882f.dir/testFortranCompiler.f.o
Linking Fortran executable cmTC_1882f
/global/AWIsoft/cmake/3.13.3/bin/cmake -E cmake_link_script CMakeFiles/cmTC_1882f.dir/link.txt --verbose=1
/global/AWIsoft/intel/2018/compilers_and_libraries_2018.3.222/linux/bin/intel64/ifort      CMakeFiles/cmTC_1882f.dir/testFortranCompiler.f.o  -o cmTC_1882f /usr/lib64/libopenblas.so 
gmake[1]: Leaving directory `/home/ollie/fdaryabo/GOTM/source/repos/EAT/build/CMakeFiles/CMakeTmp'


