The system is: Linux - 3.10.0-862.14.4.el7.x86_64 - x86_64
Compiling the Fortran compiler identification source file "CMakeFortranCompilerId.F" succeeded.
Compiler: /global/AWIsoft/intel/2020/parallel_studio_xe_2020.2.108/compilers_and_libraries_2020/linux/bin/intel64/ifort 
Build flags: 
Id flags: -v 

The output was:
0
ifort version 19.1.2.254
/global/AWIsoft/intel/2020/compilers_and_libraries_2020.2.254/linux/bin/intel64/fpp    -D__INTEL_COMPILER=1910 -D__INTEL_COMPILER_UPDATE=2 -D__unix__ -D__unix -D__linux__ -D__linux -D__gnu_linux__ -Dunix -Dlinux -D__ELF__ -D__x86_64 -D__x86_64__ -D__amd64 -D__amd64__ -D__INTEL_COMPILER_BUILD_DATE=20200623 -D__INTEL_OFFLOAD -D__MMX__ -D__SSE__ -D__SSE_MATH__ -D__SSE2__ -D__SSE2_MATH__ -D__pentium4 -D__pentium4__ -D__tune_pentium4__ -I. -I/global/AWIsoft/netcdf/4.5.0_intel_18.0.1/include -I/global/AWIsoft/intel/2020/parallel_studio_xe_2020.2.108/vtune_amplifier_2020/include/intel64 -I/global/AWIsoft/intel/2020/parallel_studio_xe_2020.2.108/vtune_amplifier_2020/include -I/global/AWIsoft/intel/2020/parallel_studio_xe_2020.2.108/itac_2020/intel64/include -I/global/AWIsoft/intel/2020/parallel_studio_xe_2020.2.108/inspector_2020/include/intel64 -I/global/AWIsoft/intel/2020/parallel_studio_xe_2020.2.108/inspector_2020/include -I/global/AWIsoft/intel/2020/parallel_studio_xe_2020.2.108/advisor_2020/include -I/global/AWIsoft/intel/2020/debugger_2020/gdb/intel64//include -I/global/AWIsoft/intel/2020/parallel_studio_xe_2020.2.108/compilers_and_libraries_2020/linux/tbb/include -I/global/AWIsoft/intel/2020/parallel_studio_xe_2020.2.108/compilers_and_libraries_2020/linux/ipp/include -I/global/AWIsoft/intel/2020/parallel_studio_xe_2020.2.108/compilers_and_libraries_2020/linux/mkl/include -I/global/AWIsoft/intel/2020/parallel_studio_xe_2020.2.108/compilers_and_libraries_2020/linux/compiler/include -I/global/AWIsoft/openmpi/4.0.2_intel17/include -I/global/AWIsoft/intel/2020/compilers_and_libraries_2020.2.254/linux/compiler/include/intel64 -I/global/AWIsoft/intel/2020/compilers_and_libraries_2020.2.254/linux/compiler/include/icc -I/global/AWIsoft/intel/2020/compilers_and_libraries_2020.2.254/linux/compiler/include -I/usr/local/include -I/usr/lib/gcc/x86_64-redhat-linux/4.8.5/include -I/usr/include/ -I/usr/include -fixed -4Ycpp -4Ncvf -f_com=yes -MX CMakeFortranCompilerId.F /work/ollie/tmp/ifortnRoIVT.i
#include "..." search starts here:
#include <...> search starts here:
 .
 /global/AWIsoft/netcdf/4.5.0_intel_18.0.1/include
 /global/AWIsoft/intel/2020/parallel_studio_xe_2020.2.108/itac_2020/intel64/include
 /global/AWIsoft/intel/2020/parallel_studio_xe_2020.2.108/inspector_2020/include/intel64
 /global/AWIsoft/intel/2020/parallel_studio_xe_2020.2.108/inspector_2020/include
 /global/AWIsoft/intel/2020/parallel_studio_xe_2020.2.108/advisor_2020/include
 /global/AWIsoft/intel/2020/debugger_2020/gdb/intel64//include
 /global/AWIsoft/intel/2020/parallel_studio_xe_2020.2.108/compilers_and_libraries_2020/linux/tbb/include
 /global/AWIsoft/intel/2020/parallel_studio_xe_2020.2.108/compilers_and_libraries_2020/linux/ipp/include
 /global/AWIsoft/intel/2020/parallel_studio_xe_2020.2.108/compilers_and_libraries_2020/linux/mkl/include
 /global/AWIsoft/intel/2020/parallel_studio_xe_2020.2.108/compilers_and_libraries_2020/linux/compiler/include
 /global/AWIsoft/openmpi/4.0.2_intel17/include
 /global/AWIsoft/intel/2020/compilers_and_libraries_2020.2.254/linux/compiler/include/intel64
 /global/AWIsoft/intel/2020/compilers_and_libraries_2020.2.254/linux/compiler/include/icc
 /global/AWIsoft/intel/2020/compilers_and_libraries_2020.2.254/linux/compiler/include
 /usr/local/include
 /usr/lib/gcc/x86_64-redhat-linux/4.8.5/include
 /usr/include/
 /usr/include
End of search list.
/global/AWIsoft/intel/2020/compilers_and_libraries_2020.2.254/linux/bin/intel64/fortcom    -D__INTEL_COMPILER=1910 -D__INTEL_COMPILER_UPDATE=2 -D__unix__ -D__unix -D__linux__ -D__linux -D__gnu_linux__ -Dunix -Dlinux -D__ELF__ -D__x86_64 -D__x86_64__ -D__amd64 -D__amd64__ -D__INTEL_COMPILER_BUILD_DATE=20200623 -D__INTEL_OFFLOAD -D__MMX__ -D__SSE__ -D__SSE_MATH__ -D__SSE2__ -D__SSE2_MATH__ -D__pentium4 -D__pentium4__ -D__tune_pentium4__ -I. -I/global/AWIsoft/netcdf/4.5.0_intel_18.0.1/include -I/global/AWIsoft/intel/2020/parallel_studio_xe_2020.2.108/vtune_amplifier_2020/include/intel64 -I/global/AWIsoft/intel/2020/parallel_studio_xe_2020.2.108/vtune_amplifier_2020/include -I/global/AWIsoft/intel/2020/parallel_studio_xe_2020.2.108/itac_2020/intel64/include -I/global/AWIsoft/intel/2020/parallel_studio_xe_2020.2.108/inspector_2020/include/intel64 -I/global/AWIsoft/intel/2020/parallel_studio_xe_2020.2.108/inspector_2020/include -I/global/AWIsoft/intel/2020/parallel_studio_xe_2020.2.108/advisor_2020/include -I/global/AWIsoft/intel/2020/debugger_2020/gdb/intel64//include -I/global/AWIsoft/intel/2020/parallel_studio_xe_2020.2.108/compilers_and_libraries_2020/linux/tbb/include -I/global/AWIsoft/intel/2020/parallel_studio_xe_2020.2.108/compilers_and_libraries_2020/linux/ipp/include -I/global/AWIsoft/intel/2020/parallel_studio_xe_2020.2.108/compilers_and_libraries_2020/linux/mkl/include -I/global/AWIsoft/intel/2020/parallel_studio_xe_2020.2.108/compilers_and_libraries_2020/linux/compiler/include -I/global/AWIsoft/openmpi/4.0.2_intel17/include -I/global/AWIsoft/intel/2020/compilers_and_libraries_2020.2.254/linux/compiler/include/intel64 -I/global/AWIsoft/intel/2020/compilers_and_libraries_2020.2.254/linux/compiler/include/icc -I/global/AWIsoft/intel/2020/compilers_and_libraries_2020.2.254/linux/compiler/include -I/usr/local/include -I/usr/lib/gcc/x86_64-redhat-linux/4.8.5/include -I/usr/include/ -I/usr/include -omp_simd -O2 "-reentrancy threaded" -simd -offload_host -mGLOB_em64t=TRUE -mP1OPT_version=19.1-intel64 -mGLOB_diag_file=/work/ollie/tmp/ifortO93jOf.diag -mGLOB_long_size_64 -mGLOB_routine_pointer_size_64 -mGLOB_source_language=GLOB_SOURCE_LANGUAGE_F90 -mP2OPT_static_promotion -mGLOB_pack_sort_init_list -mP1OPT_print_version=FALSE -mCG_use_gas_got_workaround=F -mP2OPT_align_option_used=TRUE -mGLOB_gcc_version=485 -mGLOB_options_string=-v -mGLOB_cxx_limited_range=FALSE -mCG_extend_parms=FALSE -mGLOB_compiler_bin_directory=/global/AWIsoft/intel/2020/compilers_and_libraries_2020.2.254/linux/bin/intel64 -mGLOB_as_output_backup_file_name=/work/ollie/tmp/ifortOI0Ydcas_.s -mGLOB_dashboard_use_source_name -mIPOPT_activate -mIPOPT_lite -mGLOB_uarch_tuning=0x0 -mGLOB_product_id_code=0x22006d91 -mCG_bnl_movbe=T -mP3OPT_use_mspp_call_convention -mP2OPT_subs_out_of_bound=FALSE -mP2OPT_disam_type_based_disam=2 -mGLOB_ansi_alias -mPGOPTI_value_profile_use=T -mGLOB_opt_report_use_source_name -mGLOB_offload_mode=1 -mP2OPT_offload_unique_var_string=ifort17529432834vdltF -mP2OPT_hlo_level=2 -mP2OPT_hlo -mP2OPT_hpo_rtt_control=0 -mIPOPT_args_in_regs=0 -mP2OPT_disam_assume_nonstd_intent_in=FALSE -mGLOB_imf_mapping_library=/global/AWIsoft/intel/2020/compilers_and_libraries_2020.2.254/linux/bin/intel64/libiml_attr.so -mIPOPT_single_file_compile_and_link=TRUE -mPGOPTI_gen_threadsafe_level=0 -mIPOPT_lto_object_enabled -mIPOPT_lto_object_value=1 -mIPOPT_obj_output_file_name=/work/ollie/tmp/ifortO93jOf.o -mIPOPT_whole_archive_fixup_file_name=/work/ollie/tmp/ifortwarchgspEzu -mGLOB_linker_version=2.27 -mGLOB_linker=ld -mGLOB_driver_tempfile_name=/work/ollie/tmp/iforttempfilepJSWK8 -mP3OPT_asm_target=P3OPT_ASM_TARGET_GAS -mGLOB_async_unwind_tables=TRUE -mGLOB_obj_output_file=/work/ollie/tmp/ifortO93jOf.o -mGLOB_source_dialect=GLOB_SOURCE_DIALECT_FORTRAN -mP1OPT_source_file_name=CMakeFortranCompilerId.F -mP1OPT_full_source_file_name=/home/ollie/fdaryabo/source/repos/GOTM/build/CMakeFiles/3.13.3/CompilerIdFortran/CMakeFortranCompilerId.F -mP2OPT_symtab_type_copy=true /work/ollie/tmp/ifortnRoIVT.i
#include "..." search starts here:
#include <...> search starts here:
 .
 /global/AWIsoft/netcdf/4.5.0_intel_18.0.1/include
 /global/AWIsoft/intel/2020/parallel_studio_xe_2020.2.108/itac_2020/intel64/include
 /global/AWIsoft/intel/2020/parallel_studio_xe_2020.2.108/inspector_2020/include/intel64
 /global/AWIsoft/intel/2020/parallel_studio_xe_2020.2.108/inspector_2020/include
 /global/AWIsoft/intel/2020/parallel_studio_xe_2020.2.108/advisor_2020/include
 /global/AWIsoft/intel/2020/debugger_2020/gdb/intel64//include
 /global/AWIsoft/intel/2020/parallel_studio_xe_2020.2.108/compilers_and_libraries_2020/linux/tbb/include
 /global/AWIsoft/intel/2020/parallel_studio_xe_2020.2.108/compilers_and_libraries_2020/linux/ipp/include
 /global/AWIsoft/intel/2020/parallel_studio_xe_2020.2.108/compilers_and_libraries_2020/linux/mkl/include
 /global/AWIsoft/intel/2020/parallel_studio_xe_2020.2.108/compilers_and_libraries_2020/linux/compiler/include
 /global/AWIsoft/openmpi/4.0.2_intel17/include
 /global/AWIsoft/intel/2020/compilers_and_libraries_2020.2.254/linux/compiler/include/intel64
 /global/AWIsoft/intel/2020/compilers_and_libraries_2020.2.254/linux/compiler/include/icc
 /global/AWIsoft/intel/2020/compilers_and_libraries_2020.2.254/linux/compiler/include
 /usr/local/include
 /usr/lib/gcc/x86_64-redhat-linux/4.8.5/include
 /usr/include/
 /usr/include
End of search list.
ld    /usr/lib/gcc/x86_64-redhat-linux/4.8.5/../../../../lib64/crt1.o /usr/lib/gcc/x86_64-redhat-linux/4.8.5/../../../../lib64/crti.o /usr/lib/gcc/x86_64-redhat-linux/4.8.5/crtbegin.o --eh-frame-hdr --build-id -dynamic-linker /lib64/ld-linux-x86-64.so.2 -m elf_x86_64 -plugin /global/AWIsoft/intel/2020/compilers_and_libraries_2020.2.254/linux/bin/intel64/../../lib/LLVMgold.so -o a.out /global/AWIsoft/intel/2020/compilers_and_libraries_2020.2.254/linux/compiler/lib/intel64_lin/for_main.o -L/global/AWIsoft/netcdf/4.5.0_intel_18.0.1/lib -L/global/AWIsoft/intel/2020/parallel_studio_xe_2020.2.108/vtune_amplifier_2020/lib64 -L/global/AWIsoft/intel/2020/parallel_studio_xe_2020.2.108/itac_2020/intel64/slib -L/global/AWIsoft/intel/2020/parallel_studio_xe_2020.2.108/inspector_2020/lib64 -L/global/AWIsoft/intel/2020/parallel_studio_xe_2020.2.108/advisor_2020/lib64 -L/global/AWIsoft/intel/2020/parallel_studio_xe_2020.2.108/compilers_and_libraries_2020/linux/tbbtbb/lib/intel64/gcc4.7 -L/global/AWIsoft/intel/2020/parallel_studio_xe_2020.2.108/compilers_and_libraries_2020/linux/ipp/lib/intel64 -L/global/AWIsoft/intel/2020/parallel_studio_xe_2020.2.108/compilers_and_libraries_2020/linux/mkl/lib/intel64 -L/global/AWIsoft/intel/2020/parallel_studio_xe_2020.2.108/compilers_and_libraries_2020/linux/compiler/lib/intel64 -L/global/AWIsoft/intel/2020/compilers_and_libraries_2020.2.254/linux/compiler/lib/intel64_lin -L/global/AWIsoft/intel/2020/parallel_studio_xe_2020.2.108/inspector_2020/lib64/../lib64 -L/global/AWIsoft/intel/2020/parallel_studio_xe_2020.2.108/inspector_2020/lib64/../lib64/ -L/global/AWIsoft/intel/2020/parallel_studio_xe_2020.2.108/advisor_2020/lib64/../lib64 -L/global/AWIsoft/intel/2020/parallel_studio_xe_2020.2.108/advisor_2020/lib64/../lib64/ -L/usr/lib/gcc/x86_64-redhat-linux/4.8.5/ -L/usr/lib/gcc/x86_64-redhat-linux/4.8.5/../../../../lib64 -L/usr/lib/gcc/x86_64-redhat-linux/4.8.5/../../../../lib64/ -L/lib/../lib64 -L/lib/../lib64/ -L/usr/lib/../lib64 -L/usr/lib/../lib64/ -L/global/AWIsoft/netcdf/4.5.0_intel_18.0.1/lib/ -L/global/AWIsoft/intel/2020/parallel_studio_xe_2020.2.108/itac_2020/intel64/slib/ -L/global/AWIsoft/intel/2020/parallel_studio_xe_2020.2.108/inspector_2020/lib64 -L/global/AWIsoft/intel/2020/parallel_studio_xe_2020.2.108/inspector_2020/lib64/ -L/global/AWIsoft/intel/2020/parallel_studio_xe_2020.2.108/advisor_2020/lib64 -L/global/AWIsoft/intel/2020/parallel_studio_xe_2020.2.108/advisor_2020/lib64/ -L/global/AWIsoft/intel/2020/parallel_studio_xe_2020.2.108/compilers_and_libraries_2020/linux/ipp/lib/intel64/ -L/global/AWIsoft/intel/2020/parallel_studio_xe_2020.2.108/compilers_and_libraries_2020/linux/mkl/lib/intel64/ -L/global/AWIsoft/intel/2020/parallel_studio_xe_2020.2.108/compilers_and_libraries_2020/linux/compiler/lib/intel64/ -L/usr/lib/gcc/x86_64-redhat-linux/4.8.5/../../../ -L/lib64 -L/lib/ -L/usr/lib64 -L/usr/lib /work/ollie/tmp/ifortO93jOf.o -Bdynamic -Bstatic -lifport -lifcoremt -limf -lsvml -Bdynamic -lm -Bstatic -lipgo -lirc -Bdynamic -lpthread -Bstatic -lsvml -Bdynamic -lc -lgcc -lgcc_s -Bstatic -lirc_s -Bdynamic -ldl -lc /usr/lib/gcc/x86_64-redhat-linux/4.8.5/crtend.o /usr/lib/gcc/x86_64-redhat-linux/4.8.5/../../../../lib64/crtn.o


Compilation of the Fortran compiler identification source "CMakeFortranCompilerId.F" produced "a.out"

The Fortran compiler identification is Intel, found in "/home/ollie/fdaryabo/source/repos/GOTM/build/CMakeFiles/3.13.3/CompilerIdFortran/a.out"

Determining if the Fortran compiler works passed with the following output:
Change Dir: /home/ollie/fdaryabo/source/repos/GOTM/build/CMakeFiles/CMakeTmp

Run Build Command:"/usr/bin/gmake" "cmTC_fdf3d/fast"
/usr/bin/gmake -f CMakeFiles/cmTC_fdf3d.dir/build.make CMakeFiles/cmTC_fdf3d.dir/build
gmake[1]: Entering directory `/home/ollie/fdaryabo/source/repos/GOTM/build/CMakeFiles/CMakeTmp'
Building Fortran object CMakeFiles/cmTC_fdf3d.dir/testFortranCompiler.f.o
/global/AWIsoft/intel/2020/parallel_studio_xe_2020.2.108/compilers_and_libraries_2020/linux/bin/intel64/ifort    -c /home/ollie/fdaryabo/source/repos/GOTM/build/CMakeFiles/CMakeTmp/testFortranCompiler.f -o CMakeFiles/cmTC_fdf3d.dir/testFortranCompiler.f.o
Linking Fortran executable cmTC_fdf3d
/global/AWIsoft/cmake/3.13.3/bin/cmake -E cmake_link_script CMakeFiles/cmTC_fdf3d.dir/link.txt --verbose=1
/global/AWIsoft/intel/2020/parallel_studio_xe_2020.2.108/compilers_and_libraries_2020/linux/bin/intel64/ifort      CMakeFiles/cmTC_fdf3d.dir/testFortranCompiler.f.o  -o cmTC_fdf3d 
gmake[1]: Leaving directory `/home/ollie/fdaryabo/source/repos/GOTM/build/CMakeFiles/CMakeTmp'


Detecting Fortran compiler ABI info compiled with the following output:
Change Dir: /home/ollie/fdaryabo/source/repos/GOTM/build/CMakeFiles/CMakeTmp

Run Build Command:"/usr/bin/gmake" "cmTC_e6d67/fast"
/usr/bin/gmake -f CMakeFiles/cmTC_e6d67.dir/build.make CMakeFiles/cmTC_e6d67.dir/build
gmake[1]: Entering directory `/home/ollie/fdaryabo/source/repos/GOTM/build/CMakeFiles/CMakeTmp'
Building Fortran object CMakeFiles/cmTC_e6d67.dir/CMakeFortranCompilerABI.F.o
/global/AWIsoft/intel/2020/parallel_studio_xe_2020.2.108/compilers_and_libraries_2020/linux/bin/intel64/ifort    -c /global/AWIsoft/cmake/3.13.3/share/cmake-3.13/Modules/CMakeFortranCompilerABI.F -o CMakeFiles/cmTC_e6d67.dir/CMakeFortranCompilerABI.F.o
Linking Fortran executable cmTC_e6d67
/global/AWIsoft/cmake/3.13.3/bin/cmake -E cmake_link_script CMakeFiles/cmTC_e6d67.dir/link.txt --verbose=1
/global/AWIsoft/intel/2020/parallel_studio_xe_2020.2.108/compilers_and_libraries_2020/linux/bin/intel64/ifort   -v   CMakeFiles/cmTC_e6d67.dir/CMakeFortranCompilerABI.F.o  -o cmTC_e6d67 
ifort version 19.1.2.254
/global/AWIsoft/intel/2020/compilers_and_libraries_2020.2.254/linux/bin/intel64/fortcom    -mGLOB_em64t=TRUE -mP1OPT_version=19.1-intel64 -mGLOB_diag_file=CMakeFiles/cmTC_e6d67.dir/CMakeFortranCompilerABI.F.diag -mGLOB_long_size_64 -mGLOB_routine_pointer_size_64 -mGLOB_source_language=GLOB_SOURCE_LANGUAGE_F90 -mP2OPT_static_promotion -mGLOB_pack_sort_init_list -mP1OPT_print_version=FALSE -mCG_use_gas_got_workaround=F -mP2OPT_align_option_used=TRUE -mGLOB_gcc_version=485 "-mGLOB_options_string=-v -o cmTC_e6d67" -mGLOB_cxx_limited_range=FALSE -mCG_extend_parms=FALSE -mGLOB_compiler_bin_directory=/global/AWIsoft/intel/2020/compilers_and_libraries_2020.2.254/linux/bin/intel64 -mGLOB_as_output_backup_file_name=/work/ollie/tmp/ifortWPCl0qas_.s -mGLOB_dashboard_use_source_name -mIPOPT_activate -mGLOB_product_id_code=0x22006d91 -mP3OPT_use_mspp_call_convention -mP2OPT_subs_out_of_bound=FALSE -mP2OPT_disam_type_based_disam=2 -mGLOB_ansi_alias -mPGOPTI_value_profile_use=T -mGLOB_opt_report_use_source_name -mGLOB_offload_mode=1 -mP2OPT_offload_unique_var_string=ifort20271993836occRk -mP2OPT_hlo -mP2OPT_hpo_rtt_control=0 -mIPOPT_args_in_regs=0 -mP2OPT_disam_assume_nonstd_intent_in=FALSE -mGLOB_imf_mapping_library=/global/AWIsoft/intel/2020/compilers_and_libraries_2020.2.254/linux/bin/intel64/libiml_attr.so -mPGOPTI_gen_threadsafe_level=0 -mIPOPT_link -mIPOPT_ipo_activate -mIPOPT_mo_activate -mIPOPT_source_files_list=/work/ollie/tmp/ifortslis1lPQI0 -mIPOPT_mo_global_data -mIPOPT_link_script_file=/work/ollie/tmp/ifortscriptaDfzRI "-mIPOPT_cmdline_link="/usr/lib/gcc/x86_64-redhat-linux/4.8.5/../../../../lib64/crt1.o" "/usr/lib/gcc/x86_64-redhat-linux/4.8.5/../../../../lib64/crti.o" "/usr/lib/gcc/x86_64-redhat-linux/4.8.5/crtbegin.o" "--eh-frame-hdr" "--build-id" "-dynamic-linker" "/lib64/ld-linux-x86-64.so.2" "-m" "elf_x86_64" "-plugin" "/global/AWIsoft/intel/2020/compilers_and_libraries_2020.2.254/linux/bin/intel64/../../lib/LLVMgold.so" "-o" "cmTC_e6d67" "/global/AWIsoft/intel/2020/compilers_and_libraries_2020.2.254/linux/compiler/lib/intel64_lin/for_main.o" "-L/global/AWIsoft/netcdf/4.5.0_intel_18.0.1/lib" "-L/global/AWIsoft/intel/2020/parallel_studio_xe_2020.2.108/vtune_amplifier_2020/lib64" "-L/global/AWIsoft/intel/2020/parallel_studio_xe_2020.2.108/itac_2020/intel64/slib" "-L/global/AWIsoft/intel/2020/parallel_studio_xe_2020.2.108/inspector_2020/lib64" "-L/global/AWIsoft/intel/2020/parallel_studio_xe_2020.2.108/advisor_2020/lib64" "-L/global/AWIsoft/intel/2020/parallel_studio_xe_2020.2.108/compilers_and_libraries_2020/linux/tbbtbb/lib/intel64/gcc4.7" "-L/global/AWIsoft/intel/2020/parallel_studio_xe_2020.2.108/compilers_and_libraries_2020/linux/ipp/lib/intel64" "-L/global/AWIsoft/intel/2020/parallel_studio_xe_2020.2.108/compilers_and_libraries_2020/linux/mkl/lib/intel64" "-L/global/AWIsoft/intel/2020/parallel_studio_xe_2020.2.108/compilers_and_libraries_2020/linux/compiler/lib/intel64" "-L/global/AWIsoft/intel/2020/compilers_and_libraries_2020.2.254/linux/compiler/lib/intel64_lin" "-L/global/AWIsoft/intel/2020/parallel_studio_xe_2020.2.108/inspector_2020/lib64/../lib64" "-L/global/AWIsoft/intel/2020/parallel_studio_xe_2020.2.108/inspector_2020/lib64/../lib64/" "-L/global/AWIsoft/intel/2020/parallel_studio_xe_2020.2.108/advisor_2020/lib64/../lib64" "-L/global/AWIsoft/intel/2020/parallel_studio_xe_2020.2.108/advisor_2020/lib64/../lib64/" "-L/usr/lib/gcc/x86_64-redhat-linux/4.8.5/" "-L/usr/lib/gcc/x86_64-redhat-linux/4.8.5/../../../../lib64" "-L/usr/lib/gcc/x86_64-redhat-linux/4.8.5/../../../../lib64/" "-L/lib/../lib64" "-L/lib/../lib64/" "-L/usr/lib/../lib64" "-L/usr/lib/../lib64/" "-L/global/AWIsoft/netcdf/4.5.0_intel_18.0.1/lib/" "-L/global/AWIsoft/intel/2020/parallel_studio_xe_2020.2.108/itac_2020/intel64/slib/" "-L/global/AWIsoft/intel/2020/parallel_studio_xe_2020.2.108/inspector_2020/lib64" "-L/global/AWIsoft/intel/2020/parallel_studio_xe_2020.2.108/inspector_2020/lib64/" "-L/global/AWIsoft/intel/2020/parallel_studio_xe_2020.2.108/advisor_2020/lib64" "-L/global/AWIsoft/intel/2020/parallel_studio_xe_2020.2.108/advisor_2020/lib64/" "-L/global/AWIsoft/intel/2020/parallel_studio_xe_2020.2.108/compilers_and_libraries_2020/linux/ipp/lib/intel64/" "-L/global/AWIsoft/intel/2020/parallel_studio_xe_2020.2.108/compilers_and_libraries_2020/linux/mkl/lib/intel64/" "-L/global/AWIsoft/intel/2020/parallel_studio_xe_2020.2.108/compilers_and_libraries_2020/linux/compiler/lib/intel64/" "-L/usr/lib/gcc/x86_64-redhat-linux/4.8.5/../../../" "-L/lib64" "-L/lib/" "-L/usr/lib64" "-L/usr/lib" "CMakeFiles/cmTC_e6d67.dir/CMakeFortranCompilerABI.F.o" "-Bdynamic" "-Bstatic" "-lifport" "-lifcoremt" "-limf" "-lsvml" "-Bdynamic" "-lm" "-Bstatic" "-lipgo" "-lirc" "-Bdynamic" "-lpthread" "-Bstatic" "-lsvml" "-Bdynamic" "-lc" "-lgcc" "-lgcc_s" "-Bstatic" "-lirc_s" "-Bdynamic" "-ldl" "-lc" "/usr/lib/gcc/x86_64-redhat-linux/4.8.5/crtend.o" "/usr/lib/gcc/x86_64-redhat-linux/4.8.5/../../../../lib64/crtn.o"" -mIPOPT_il_in_obj -mIPOPT_ipo_activate_warn=FALSE -mIPOPT_obj_output_file_name=/work/ollie/tmp/ipo_ifortWNpHTJ.o -mIPOPT_whole_archive_fixup_file_name=/work/ollie/tmp/ifortwarchN6MvjR -mGLOB_linker_version=2.27 -mGLOB_linker=ld -mGLOB_driver_tempfile_name=/work/ollie/tmp/iforttempfile9kzTtz -mP3OPT_asm_target=P3OPT_ASM_TARGET_GAS -mGLOB_async_unwind_tables=TRUE -mGLOB_obj_output_file=/work/ollie/tmp/ipo_ifortWNpHTJ.o -mGLOB_source_dialect=GLOB_SOURCE_DIALECT_NONE -mP1OPT_source_file_name=ipo_out.f -mP2OPT_symtab_type_copy=true CMakeFiles/cmTC_e6d67.dir/CMakeFortranCompilerABI.F.o -mIPOPT_object_files=T -mIPOPT_assembly_files=/work/ollie/tmp/ifortalisCppwaa -mIPOPT_generated_tempfiles=/work/ollie/tmp/ifortelis8TB1iS -mIPOPT_embedded_object_base_name=/work/ollie/tmp/iforteobjomDzrA -mIPOPT_cmdline_link_new_name=/work/ollie/tmp/ifortllislgabAi
ld    /usr/lib/gcc/x86_64-redhat-linux/4.8.5/../../../../lib64/crt1.o /usr/lib/gcc/x86_64-redhat-linux/4.8.5/../../../../lib64/crti.o /usr/lib/gcc/x86_64-redhat-linux/4.8.5/crtbegin.o --eh-frame-hdr --build-id -dynamic-linker /lib64/ld-linux-x86-64.so.2 -m elf_x86_64 -plugin /global/AWIsoft/intel/2020/compilers_and_libraries_2020.2.254/linux/bin/intel64/../../lib/LLVMgold.so -o cmTC_e6d67 /global/AWIsoft/intel/2020/compilers_and_libraries_2020.2.254/linux/compiler/lib/intel64_lin/for_main.o -L/global/AWIsoft/netcdf/4.5.0_intel_18.0.1/lib -L/global/AWIsoft/intel/2020/parallel_studio_xe_2020.2.108/vtune_amplifier_2020/lib64 -L/global/AWIsoft/intel/2020/parallel_studio_xe_2020.2.108/itac_2020/intel64/slib -L/global/AWIsoft/intel/2020/parallel_studio_xe_2020.2.108/inspector_2020/lib64 -L/global/AWIsoft/intel/2020/parallel_studio_xe_2020.2.108/advisor_2020/lib64 -L/global/AWIsoft/intel/2020/parallel_studio_xe_2020.2.108/compilers_and_libraries_2020/linux/tbbtbb/lib/intel64/gcc4.7 -L/global/AWIsoft/intel/2020/parallel_studio_xe_2020.2.108/compilers_and_libraries_2020/linux/ipp/lib/intel64 -L/global/AWIsoft/intel/2020/parallel_studio_xe_2020.2.108/compilers_and_libraries_2020/linux/mkl/lib/intel64 -L/global/AWIsoft/intel/2020/parallel_studio_xe_2020.2.108/compilers_and_libraries_2020/linux/compiler/lib/intel64 -L/global/AWIsoft/intel/2020/compilers_and_libraries_2020.2.254/linux/compiler/lib/intel64_lin -L/global/AWIsoft/intel/2020/parallel_studio_xe_2020.2.108/inspector_2020/lib64/../lib64 -L/global/AWIsoft/intel/2020/parallel_studio_xe_2020.2.108/inspector_2020/lib64/../lib64/ -L/global/AWIsoft/intel/2020/parallel_studio_xe_2020.2.108/advisor_2020/lib64/../lib64 -L/global/AWIsoft/intel/2020/parallel_studio_xe_2020.2.108/advisor_2020/lib64/../lib64/ -L/usr/lib/gcc/x86_64-redhat-linux/4.8.5/ -L/usr/lib/gcc/x86_64-redhat-linux/4.8.5/../../../../lib64 -L/usr/lib/gcc/x86_64-redhat-linux/4.8.5/../../../../lib64/ -L/lib/../lib64 -L/lib/../lib64/ -L/usr/lib/../lib64 -L/usr/lib/../lib64/ -L/global/AWIsoft/netcdf/4.5.0_intel_18.0.1/lib/ -L/global/AWIsoft/intel/2020/parallel_studio_xe_2020.2.108/itac_2020/intel64/slib/ -L/global/AWIsoft/intel/2020/parallel_studio_xe_2020.2.108/inspector_2020/lib64 -L/global/AWIsoft/intel/2020/parallel_studio_xe_2020.2.108/inspector_2020/lib64/ -L/global/AWIsoft/intel/2020/parallel_studio_xe_2020.2.108/advisor_2020/lib64 -L/global/AWIsoft/intel/2020/parallel_studio_xe_2020.2.108/advisor_2020/lib64/ -L/global/AWIsoft/intel/2020/parallel_studio_xe_2020.2.108/compilers_and_libraries_2020/linux/ipp/lib/intel64/ -L/global/AWIsoft/intel/2020/parallel_studio_xe_2020.2.108/compilers_and_libraries_2020/linux/mkl/lib/intel64/ -L/global/AWIsoft/intel/2020/parallel_studio_xe_2020.2.108/compilers_and_libraries_2020/linux/compiler/lib/intel64/ -L/usr/lib/gcc/x86_64-redhat-linux/4.8.5/../../../ -L/lib64 -L/lib/ -L/usr/lib64 -L/usr/lib CMakeFiles/cmTC_e6d67.dir/CMakeFortranCompilerABI.F.o -Bdynamic -Bstatic -lifport -lifcoremt -limf -lsvml -Bdynamic -lm -Bstatic -lipgo -lirc -Bdynamic -lpthread -Bstatic -lsvml -Bdynamic -lc -lgcc -lgcc_s -Bstatic -lirc_s -Bdynamic -ldl -lc /usr/lib/gcc/x86_64-redhat-linux/4.8.5/crtend.o /usr/lib/gcc/x86_64-redhat-linux/4.8.5/../../../../lib64/crtn.o
gmake[1]: Leaving directory `/home/ollie/fdaryabo/source/repos/GOTM/build/CMakeFiles/CMakeTmp'


Parsed Fortran implicit link information from above output:
  link line regex: [^( *|.*[/\])(ld|CMAKE_LINK_STARTFILE-NOTFOUND|([^/\]+-)?ld|collect2)[^/\]*( |$)]
  ignore line: [Change Dir: /home/ollie/fdaryabo/source/repos/GOTM/build/CMakeFiles/CMakeTmp]
  ignore line: []
  ignore line: [Run Build Command:"/usr/bin/gmake" "cmTC_e6d67/fast"]
  ignore line: [/usr/bin/gmake -f CMakeFiles/cmTC_e6d67.dir/build.make CMakeFiles/cmTC_e6d67.dir/build]
  ignore line: [gmake[1]: Entering directory `/home/ollie/fdaryabo/source/repos/GOTM/build/CMakeFiles/CMakeTmp']
  ignore line: [Building Fortran object CMakeFiles/cmTC_e6d67.dir/CMakeFortranCompilerABI.F.o]
  ignore line: [/global/AWIsoft/intel/2020/parallel_studio_xe_2020.2.108/compilers_and_libraries_2020/linux/bin/intel64/ifort    -c /global/AWIsoft/cmake/3.13.3/share/cmake-3.13/Modules/CMakeFortranCompilerABI.F -o CMakeFiles/cmTC_e6d67.dir/CMakeFortranCompilerABI.F.o]
  ignore line: [Linking Fortran executable cmTC_e6d67]
  ignore line: [/global/AWIsoft/cmake/3.13.3/bin/cmake -E cmake_link_script CMakeFiles/cmTC_e6d67.dir/link.txt --verbose=1]
  ignore line: [/global/AWIsoft/intel/2020/parallel_studio_xe_2020.2.108/compilers_and_libraries_2020/linux/bin/intel64/ifort   -v   CMakeFiles/cmTC_e6d67.dir/CMakeFortranCompilerABI.F.o  -o cmTC_e6d67 ]
  ignore line: [ifort version 19.1.2.254]
  ignore line: [/global/AWIsoft/intel/2020/compilers_and_libraries_2020.2.254/linux/bin/intel64/fortcom    -mGLOB_em64t=TRUE -mP1OPT_version=19.1-intel64 -mGLOB_diag_file=CMakeFiles/cmTC_e6d67.dir/CMakeFortranCompilerABI.F.diag -mGLOB_long_size_64 -mGLOB_routine_pointer_size_64 -mGLOB_source_language=GLOB_SOURCE_LANGUAGE_F90 -mP2OPT_static_promotion -mGLOB_pack_sort_init_list -mP1OPT_print_version=FALSE -mCG_use_gas_got_workaround=F -mP2OPT_align_option_used=TRUE -mGLOB_gcc_version=485 "-mGLOB_options_string=-v -o cmTC_e6d67" -mGLOB_cxx_limited_range=FALSE -mCG_extend_parms=FALSE -mGLOB_compiler_bin_directory=/global/AWIsoft/intel/2020/compilers_and_libraries_2020.2.254/linux/bin/intel64 -mGLOB_as_output_backup_file_name=/work/ollie/tmp/ifortWPCl0qas_.s -mGLOB_dashboard_use_source_name -mIPOPT_activate -mGLOB_product_id_code=0x22006d91 -mP3OPT_use_mspp_call_convention -mP2OPT_subs_out_of_bound=FALSE -mP2OPT_disam_type_based_disam=2 -mGLOB_ansi_alias -mPGOPTI_value_profile_use=T -mGLOB_opt_report_use_source_name -mGLOB_offload_mode=1 -mP2OPT_offload_unique_var_string=ifort20271993836occRk -mP2OPT_hlo -mP2OPT_hpo_rtt_control=0 -mIPOPT_args_in_regs=0 -mP2OPT_disam_assume_nonstd_intent_in=FALSE -mGLOB_imf_mapping_library=/global/AWIsoft/intel/2020/compilers_and_libraries_2020.2.254/linux/bin/intel64/libiml_attr.so -mPGOPTI_gen_threadsafe_level=0 -mIPOPT_link -mIPOPT_ipo_activate -mIPOPT_mo_activate -mIPOPT_source_files_list=/work/ollie/tmp/ifortslis1lPQI0 -mIPOPT_mo_global_data -mIPOPT_link_script_file=/work/ollie/tmp/ifortscriptaDfzRI "-mIPOPT_cmdline_link="/usr/lib/gcc/x86_64-redhat-linux/4.8.5/../../../../lib64/crt1.o" "/usr/lib/gcc/x86_64-redhat-linux/4.8.5/../../../../lib64/crti.o" "/usr/lib/gcc/x86_64-redhat-linux/4.8.5/crtbegin.o" "--eh-frame-hdr" "--build-id" "-dynamic-linker" "/lib64/ld-linux-x86-64.so.2" "-m" "elf_x86_64" "-plugin" "/global/AWIsoft/intel/2020/compilers_and_libraries_2020.2.254/linux/bin/intel64/../../lib/LLVMgold.so" "-o" "cmTC_e6d67" "/global/AWIsoft/intel/2020/compilers_and_libraries_2020.2.254/linux/compiler/lib/intel64_lin/for_main.o" "-L/global/AWIsoft/netcdf/4.5.0_intel_18.0.1/lib" "-L/global/AWIsoft/intel/2020/parallel_studio_xe_2020.2.108/vtune_amplifier_2020/lib64" "-L/global/AWIsoft/intel/2020/parallel_studio_xe_2020.2.108/itac_2020/intel64/slib" "-L/global/AWIsoft/intel/2020/parallel_studio_xe_2020.2.108/inspector_2020/lib64" "-L/global/AWIsoft/intel/2020/parallel_studio_xe_2020.2.108/advisor_2020/lib64" "-L/global/AWIsoft/intel/2020/parallel_studio_xe_2020.2.108/compilers_and_libraries_2020/linux/tbbtbb/lib/intel64/gcc4.7" "-L/global/AWIsoft/intel/2020/parallel_studio_xe_2020.2.108/compilers_and_libraries_2020/linux/ipp/lib/intel64" "-L/global/AWIsoft/intel/2020/parallel_studio_xe_2020.2.108/compilers_and_libraries_2020/linux/mkl/lib/intel64" "-L/global/AWIsoft/intel/2020/parallel_studio_xe_2020.2.108/compilers_and_libraries_2020/linux/compiler/lib/intel64" "-L/global/AWIsoft/intel/2020/compilers_and_libraries_2020.2.254/linux/compiler/lib/intel64_lin" "-L/global/AWIsoft/intel/2020/parallel_studio_xe_2020.2.108/inspector_2020/lib64/../lib64" "-L/global/AWIsoft/intel/2020/parallel_studio_xe_2020.2.108/inspector_2020/lib64/../lib64/" "-L/global/AWIsoft/intel/2020/parallel_studio_xe_2020.2.108/advisor_2020/lib64/../lib64" "-L/global/AWIsoft/intel/2020/parallel_studio_xe_2020.2.108/advisor_2020/lib64/../lib64/" "-L/usr/lib/gcc/x86_64-redhat-linux/4.8.5/" "-L/usr/lib/gcc/x86_64-redhat-linux/4.8.5/../../../../lib64" "-L/usr/lib/gcc/x86_64-redhat-linux/4.8.5/../../../../lib64/" "-L/lib/../lib64" "-L/lib/../lib64/" "-L/usr/lib/../lib64" "-L/usr/lib/../lib64/" "-L/global/AWIsoft/netcdf/4.5.0_intel_18.0.1/lib/" "-L/global/AWIsoft/intel/2020/parallel_studio_xe_2020.2.108/itac_2020/intel64/slib/" "-L/global/AWIsoft/intel/2020/parallel_studio_xe_2020.2.108/inspector_2020/lib64" "-L/global/AWIsoft/intel/2020/parallel_studio_xe_2020.2.108/inspector_2020/lib64/" "-L/global/AWIsoft/intel/2020/parallel_studio_xe_2020.2.108/advisor_2020/lib64" "-L/global/AWIsoft/intel/2020/parallel_studio_xe_2020.2.108/advisor_2020/lib64/" "-L/global/AWIsoft/intel/2020/parallel_studio_xe_2020.2.108/compilers_and_libraries_2020/linux/ipp/lib/intel64/" "-L/global/AWIsoft/intel/2020/parallel_studio_xe_2020.2.108/compilers_and_libraries_2020/linux/mkl/lib/intel64/" "-L/global/AWIsoft/intel/2020/parallel_studio_xe_2020.2.108/compilers_and_libraries_2020/linux/compiler/lib/intel64/" "-L/usr/lib/gcc/x86_64-redhat-linux/4.8.5/../../../" "-L/lib64" "-L/lib/" "-L/usr/lib64" "-L/usr/lib" "CMakeFiles/cmTC_e6d67.dir/CMakeFortranCompilerABI.F.o" "-Bdynamic" "-Bstatic" "-lifport" "-lifcoremt" "-limf" "-lsvml" "-Bdynamic" "-lm" "-Bstatic" "-lipgo" "-lirc" "-Bdynamic" "-lpthread" "-Bstatic" "-lsvml" "-Bdynamic" "-lc" "-lgcc" "-lgcc_s" "-Bstatic" "-lirc_s" "-Bdynamic" "-ldl" "-lc" "/usr/lib/gcc/x86_64-redhat-linux/4.8.5/crtend.o" "/usr/lib/gcc/x86_64-redhat-linux/4.8.5/../../../../lib64/crtn.o"" -mIPOPT_il_in_obj -mIPOPT_ipo_activate_warn=FALSE -mIPOPT_obj_output_file_name=/work/ollie/tmp/ipo_ifortWNpHTJ.o -mIPOPT_whole_archive_fixup_file_name=/work/ollie/tmp/ifortwarchN6MvjR -mGLOB_linker_version=2.27 -mGLOB_linker=ld -mGLOB_driver_tempfile_name=/work/ollie/tmp/iforttempfile9kzTtz -mP3OPT_asm_target=P3OPT_ASM_TARGET_GAS -mGLOB_async_unwind_tables=TRUE -mGLOB_obj_output_file=/work/ollie/tmp/ipo_ifortWNpHTJ.o -mGLOB_source_dialect=GLOB_SOURCE_DIALECT_NONE -mP1OPT_source_file_name=ipo_out.f -mP2OPT_symtab_type_copy=true CMakeFiles/cmTC_e6d67.dir/CMakeFortranCompilerABI.F.o -mIPOPT_object_files=T -mIPOPT_assembly_files=/work/ollie/tmp/ifortalisCppwaa -mIPOPT_generated_tempfiles=/work/ollie/tmp/ifortelis8TB1iS -mIPOPT_embedded_object_base_name=/work/ollie/tmp/iforteobjomDzrA -mIPOPT_cmdline_link_new_name=/work/ollie/tmp/ifortllislgabAi]
  link line: [ld    /usr/lib/gcc/x86_64-redhat-linux/4.8.5/../../../../lib64/crt1.o /usr/lib/gcc/x86_64-redhat-linux/4.8.5/../../../../lib64/crti.o /usr/lib/gcc/x86_64-redhat-linux/4.8.5/crtbegin.o --eh-frame-hdr --build-id -dynamic-linker /lib64/ld-linux-x86-64.so.2 -m elf_x86_64 -plugin /global/AWIsoft/intel/2020/compilers_and_libraries_2020.2.254/linux/bin/intel64/../../lib/LLVMgold.so -o cmTC_e6d67 /global/AWIsoft/intel/2020/compilers_and_libraries_2020.2.254/linux/compiler/lib/intel64_lin/for_main.o -L/global/AWIsoft/netcdf/4.5.0_intel_18.0.1/lib -L/global/AWIsoft/intel/2020/parallel_studio_xe_2020.2.108/vtune_amplifier_2020/lib64 -L/global/AWIsoft/intel/2020/parallel_studio_xe_2020.2.108/itac_2020/intel64/slib -L/global/AWIsoft/intel/2020/parallel_studio_xe_2020.2.108/inspector_2020/lib64 -L/global/AWIsoft/intel/2020/parallel_studio_xe_2020.2.108/advisor_2020/lib64 -L/global/AWIsoft/intel/2020/parallel_studio_xe_2020.2.108/compilers_and_libraries_2020/linux/tbbtbb/lib/intel64/gcc4.7 -L/global/AWIsoft/intel/2020/parallel_studio_xe_2020.2.108/compilers_and_libraries_2020/linux/ipp/lib/intel64 -L/global/AWIsoft/intel/2020/parallel_studio_xe_2020.2.108/compilers_and_libraries_2020/linux/mkl/lib/intel64 -L/global/AWIsoft/intel/2020/parallel_studio_xe_2020.2.108/compilers_and_libraries_2020/linux/compiler/lib/intel64 -L/global/AWIsoft/intel/2020/compilers_and_libraries_2020.2.254/linux/compiler/lib/intel64_lin -L/global/AWIsoft/intel/2020/parallel_studio_xe_2020.2.108/inspector_2020/lib64/../lib64 -L/global/AWIsoft/intel/2020/parallel_studio_xe_2020.2.108/inspector_2020/lib64/../lib64/ -L/global/AWIsoft/intel/2020/parallel_studio_xe_2020.2.108/advisor_2020/lib64/../lib64 -L/global/AWIsoft/intel/2020/parallel_studio_xe_2020.2.108/advisor_2020/lib64/../lib64/ -L/usr/lib/gcc/x86_64-redhat-linux/4.8.5/ -L/usr/lib/gcc/x86_64-redhat-linux/4.8.5/../../../../lib64 -L/usr/lib/gcc/x86_64-redhat-linux/4.8.5/../../../../lib64/ -L/lib/../lib64 -L/lib/../lib64/ -L/usr/lib/../lib64 -L/usr/lib/../lib64/ -L/global/AWIsoft/netcdf/4.5.0_intel_18.0.1/lib/ -L/global/AWIsoft/intel/2020/parallel_studio_xe_2020.2.108/itac_2020/intel64/slib/ -L/global/AWIsoft/intel/2020/parallel_studio_xe_2020.2.108/inspector_2020/lib64 -L/global/AWIsoft/intel/2020/parallel_studio_xe_2020.2.108/inspector_2020/lib64/ -L/global/AWIsoft/intel/2020/parallel_studio_xe_2020.2.108/advisor_2020/lib64 -L/global/AWIsoft/intel/2020/parallel_studio_xe_2020.2.108/advisor_2020/lib64/ -L/global/AWIsoft/intel/2020/parallel_studio_xe_2020.2.108/compilers_and_libraries_2020/linux/ipp/lib/intel64/ -L/global/AWIsoft/intel/2020/parallel_studio_xe_2020.2.108/compilers_and_libraries_2020/linux/mkl/lib/intel64/ -L/global/AWIsoft/intel/2020/parallel_studio_xe_2020.2.108/compilers_and_libraries_2020/linux/compiler/lib/intel64/ -L/usr/lib/gcc/x86_64-redhat-linux/4.8.5/../../../ -L/lib64 -L/lib/ -L/usr/lib64 -L/usr/lib CMakeFiles/cmTC_e6d67.dir/CMakeFortranCompilerABI.F.o -Bdynamic -Bstatic -lifport -lifcoremt -limf -lsvml -Bdynamic -lm -Bstatic -lipgo -lirc -Bdynamic -lpthread -Bstatic -lsvml -Bdynamic -lc -lgcc -lgcc_s -Bstatic -lirc_s -Bdynamic -ldl -lc /usr/lib/gcc/x86_64-redhat-linux/4.8.5/crtend.o /usr/lib/gcc/x86_64-redhat-linux/4.8.5/../../../../lib64/crtn.o]
    arg [ld] ==> ignore
    arg [/usr/lib/gcc/x86_64-redhat-linux/4.8.5/../../../../lib64/crt1.o] ==> ignore
    arg [/usr/lib/gcc/x86_64-redhat-linux/4.8.5/../../../../lib64/crti.o] ==> ignore
    arg [/usr/lib/gcc/x86_64-redhat-linux/4.8.5/crtbegin.o] ==> ignore
    arg [--eh-frame-hdr] ==> ignore
    arg [--build-id] ==> ignore
    arg [-dynamic-linker] ==> ignore
    arg [/lib64/ld-linux-x86-64.so.2] ==> ignore
    arg [-m] ==> ignore
    arg [elf_x86_64] ==> ignore
    arg [-plugin] ==> ignore
    arg [/global/AWIsoft/intel/2020/compilers_and_libraries_2020.2.254/linux/bin/intel64/../../lib/LLVMgold.so] ==> ignore
    arg [-o] ==> ignore
    arg [cmTC_e6d67] ==> ignore
    arg [/global/AWIsoft/intel/2020/compilers_and_libraries_2020.2.254/linux/compiler/lib/intel64_lin/for_main.o] ==> ignore
    arg [-L/global/AWIsoft/netcdf/4.5.0_intel_18.0.1/lib] ==> dir [/global/AWIsoft/netcdf/4.5.0_intel_18.0.1/lib]
    arg [-L/global/AWIsoft/intel/2020/parallel_studio_xe_2020.2.108/vtune_amplifier_2020/lib64] ==> dir [/global/AWIsoft/intel/2020/parallel_studio_xe_2020.2.108/vtune_amplifier_2020/lib64]
    arg [-L/global/AWIsoft/intel/2020/parallel_studio_xe_2020.2.108/itac_2020/intel64/slib] ==> dir [/global/AWIsoft/intel/2020/parallel_studio_xe_2020.2.108/itac_2020/intel64/slib]
    arg [-L/global/AWIsoft/intel/2020/parallel_studio_xe_2020.2.108/inspector_2020/lib64] ==> dir [/global/AWIsoft/intel/2020/parallel_studio_xe_2020.2.108/inspector_2020/lib64]
    arg [-L/global/AWIsoft/intel/2020/parallel_studio_xe_2020.2.108/advisor_2020/lib64] ==> dir [/global/AWIsoft/intel/2020/parallel_studio_xe_2020.2.108/advisor_2020/lib64]
    arg [-L/global/AWIsoft/intel/2020/parallel_studio_xe_2020.2.108/compilers_and_libraries_2020/linux/tbbtbb/lib/intel64/gcc4.7] ==> dir [/global/AWIsoft/intel/2020/parallel_studio_xe_2020.2.108/compilers_and_libraries_2020/linux/tbbtbb/lib/intel64/gcc4.7]
    arg [-L/global/AWIsoft/intel/2020/parallel_studio_xe_2020.2.108/compilers_and_libraries_2020/linux/ipp/lib/intel64] ==> dir [/global/AWIsoft/intel/2020/parallel_studio_xe_2020.2.108/compilers_and_libraries_2020/linux/ipp/lib/intel64]
    arg [-L/global/AWIsoft/intel/2020/parallel_studio_xe_2020.2.108/compilers_and_libraries_2020/linux/mkl/lib/intel64] ==> dir [/global/AWIsoft/intel/2020/parallel_studio_xe_2020.2.108/compilers_and_libraries_2020/linux/mkl/lib/intel64]
    arg [-L/global/AWIsoft/intel/2020/parallel_studio_xe_2020.2.108/compilers_and_libraries_2020/linux/compiler/lib/intel64] ==> dir [/global/AWIsoft/intel/2020/parallel_studio_xe_2020.2.108/compilers_and_libraries_2020/linux/compiler/lib/intel64]
    arg [-L/global/AWIsoft/intel/2020/compilers_and_libraries_2020.2.254/linux/compiler/lib/intel64_lin] ==> dir [/global/AWIsoft/intel/2020/compilers_and_libraries_2020.2.254/linux/compiler/lib/intel64_lin]
    arg [-L/global/AWIsoft/intel/2020/parallel_studio_xe_2020.2.108/inspector_2020/lib64/../lib64] ==> dir [/global/AWIsoft/intel/2020/parallel_studio_xe_2020.2.108/inspector_2020/lib64/../lib64]
    arg [-L/global/AWIsoft/intel/2020/parallel_studio_xe_2020.2.108/inspector_2020/lib64/../lib64/] ==> dir [/global/AWIsoft/intel/2020/parallel_studio_xe_2020.2.108/inspector_2020/lib64/../lib64/]
    arg [-L/global/AWIsoft/intel/2020/parallel_studio_xe_2020.2.108/advisor_2020/lib64/../lib64] ==> dir [/global/AWIsoft/intel/2020/parallel_studio_xe_2020.2.108/advisor_2020/lib64/../lib64]
    arg [-L/global/AWIsoft/intel/2020/parallel_studio_xe_2020.2.108/advisor_2020/lib64/../lib64/] ==> dir [/global/AWIsoft/intel/2020/parallel_studio_xe_2020.2.108/advisor_2020/lib64/../lib64/]
    arg [-L/usr/lib/gcc/x86_64-redhat-linux/4.8.5/] ==> dir [/usr/lib/gcc/x86_64-redhat-linux/4.8.5/]
    arg [-L/usr/lib/gcc/x86_64-redhat-linux/4.8.5/../../../../lib64] ==> dir [/usr/lib/gcc/x86_64-redhat-linux/4.8.5/../../../../lib64]
    arg [-L/usr/lib/gcc/x86_64-redhat-linux/4.8.5/../../../../lib64/] ==> dir [/usr/lib/gcc/x86_64-redhat-linux/4.8.5/../../../../lib64/]
    arg [-L/lib/../lib64] ==> dir [/lib/../lib64]
    arg [-L/lib/../lib64/] ==> dir [/lib/../lib64/]
    arg [-L/usr/lib/../lib64] ==> dir [/usr/lib/../lib64]
    arg [-L/usr/lib/../lib64/] ==> dir [/usr/lib/../lib64/]
    arg [-L/global/AWIsoft/netcdf/4.5.0_intel_18.0.1/lib/] ==> dir [/global/AWIsoft/netcdf/4.5.0_intel_18.0.1/lib/]
    arg [-L/global/AWIsoft/intel/2020/parallel_studio_xe_2020.2.108/itac_2020/intel64/slib/] ==> dir [/global/AWIsoft/intel/2020/parallel_studio_xe_2020.2.108/itac_2020/intel64/slib/]
    arg [-L/global/AWIsoft/intel/2020/parallel_studio_xe_2020.2.108/inspector_2020/lib64] ==> dir [/global/AWIsoft/intel/2020/parallel_studio_xe_2020.2.108/inspector_2020/lib64]
    arg [-L/global/AWIsoft/intel/2020/parallel_studio_xe_2020.2.108/inspector_2020/lib64/] ==> dir [/global/AWIsoft/intel/2020/parallel_studio_xe_2020.2.108/inspector_2020/lib64/]
    arg [-L/global/AWIsoft/intel/2020/parallel_studio_xe_2020.2.108/advisor_2020/lib64] ==> dir [/global/AWIsoft/intel/2020/parallel_studio_xe_2020.2.108/advisor_2020/lib64]
    arg [-L/global/AWIsoft/intel/2020/parallel_studio_xe_2020.2.108/advisor_2020/lib64/] ==> dir [/global/AWIsoft/intel/2020/parallel_studio_xe_2020.2.108/advisor_2020/lib64/]
    arg [-L/global/AWIsoft/intel/2020/parallel_studio_xe_2020.2.108/compilers_and_libraries_2020/linux/ipp/lib/intel64/] ==> dir [/global/AWIsoft/intel/2020/parallel_studio_xe_2020.2.108/compilers_and_libraries_2020/linux/ipp/lib/intel64/]
    arg [-L/global/AWIsoft/intel/2020/parallel_studio_xe_2020.2.108/compilers_and_libraries_2020/linux/mkl/lib/intel64/] ==> dir [/global/AWIsoft/intel/2020/parallel_studio_xe_2020.2.108/compilers_and_libraries_2020/linux/mkl/lib/intel64/]
    arg [-L/global/AWIsoft/intel/2020/parallel_studio_xe_2020.2.108/compilers_and_libraries_2020/linux/compiler/lib/intel64/] ==> dir [/global/AWIsoft/intel/2020/parallel_studio_xe_2020.2.108/compilers_and_libraries_2020/linux/compiler/lib/intel64/]
    arg [-L/usr/lib/gcc/x86_64-redhat-linux/4.8.5/../../../] ==> dir [/usr/lib/gcc/x86_64-redhat-linux/4.8.5/../../../]
    arg [-L/lib64] ==> dir [/lib64]
    arg [-L/lib/] ==> dir [/lib/]
    arg [-L/usr/lib64] ==> dir [/usr/lib64]
    arg [-L/usr/lib] ==> dir [/usr/lib]
    arg [CMakeFiles/cmTC_e6d67.dir/CMakeFortranCompilerABI.F.o] ==> ignore
    arg [-Bdynamic] ==> ignore
    arg [-Bstatic] ==> ignore
    arg [-lifport] ==> lib [ifport]
    arg [-lifcoremt] ==> lib [ifcoremt]
    arg [-limf] ==> lib [imf]
    arg [-lsvml] ==> lib [svml]
    arg [-Bdynamic] ==> ignore
    arg [-lm] ==> lib [m]
    arg [-Bstatic] ==> ignore
    arg [-lipgo] ==> lib [ipgo]
    arg [-lirc] ==> lib [irc]
    arg [-Bdynamic] ==> ignore
    arg [-lpthread] ==> lib [pthread]
    arg [-Bstatic] ==> ignore
    arg [-lsvml] ==> lib [svml]
    arg [-Bdynamic] ==> ignore
    arg [-lc] ==> lib [c]
    arg [-lgcc] ==> lib [gcc]
    arg [-lgcc_s] ==> lib [gcc_s]
    arg [-Bstatic] ==> ignore
    arg [-lirc_s] ==> lib [irc_s]
    arg [-Bdynamic] ==> ignore
    arg [-ldl] ==> lib [dl]
    arg [-lc] ==> lib [c]
    arg [/usr/lib/gcc/x86_64-redhat-linux/4.8.5/crtend.o] ==> ignore
    arg [/usr/lib/gcc/x86_64-redhat-linux/4.8.5/../../../../lib64/crtn.o] ==> ignore
  collapse library dir [/global/AWIsoft/netcdf/4.5.0_intel_18.0.1/lib] ==> [/global/AWIsoft/netcdf/4.5.0_intel_18.0.1/lib]
  collapse library dir [/global/AWIsoft/intel/2020/parallel_studio_xe_2020.2.108/vtune_amplifier_2020/lib64] ==> [/global/AWIsoft/intel/2020/parallel_studio_xe_2020.2.108/vtune_amplifier_2020/lib64]
  collapse library dir [/global/AWIsoft/intel/2020/parallel_studio_xe_2020.2.108/itac_2020/intel64/slib] ==> [/global/AWIsoft/intel/2020/parallel_studio_xe_2020.2.108/itac_2020/intel64/slib]
  collapse library dir [/global/AWIsoft/intel/2020/parallel_studio_xe_2020.2.108/inspector_2020/lib64] ==> [/global/AWIsoft/intel/2020/parallel_studio_xe_2020.2.108/inspector_2020/lib64]
  collapse library dir [/global/AWIsoft/intel/2020/parallel_studio_xe_2020.2.108/advisor_2020/lib64] ==> [/global/AWIsoft/intel/2020/parallel_studio_xe_2020.2.108/advisor_2020/lib64]
  collapse library dir [/global/AWIsoft/intel/2020/parallel_studio_xe_2020.2.108/compilers_and_libraries_2020/linux/tbbtbb/lib/intel64/gcc4.7] ==> [/global/AWIsoft/intel/2020/parallel_studio_xe_2020.2.108/compilers_and_libraries_2020/linux/tbbtbb/lib/intel64/gcc4.7]
  collapse library dir [/global/AWIsoft/intel/2020/parallel_studio_xe_2020.2.108/compilers_and_libraries_2020/linux/ipp/lib/intel64] ==> [/global/AWIsoft/intel/2020/parallel_studio_xe_2020.2.108/compilers_and_libraries_2020/linux/ipp/lib/intel64]
  collapse library dir [/global/AWIsoft/intel/2020/parallel_studio_xe_2020.2.108/compilers_and_libraries_2020/linux/mkl/lib/intel64] ==> [/global/AWIsoft/intel/2020/parallel_studio_xe_2020.2.108/compilers_and_libraries_2020/linux/mkl/lib/intel64]
  collapse library dir [/global/AWIsoft/intel/2020/parallel_studio_xe_2020.2.108/compilers_and_libraries_2020/linux/compiler/lib/intel64] ==> [/global/AWIsoft/intel/2020/parallel_studio_xe_2020.2.108/compilers_and_libraries_2020/linux/compiler/lib/intel64]
  collapse library dir [/global/AWIsoft/intel/2020/compilers_and_libraries_2020.2.254/linux/compiler/lib/intel64_lin] ==> [/global/AWIsoft/intel/2020/compilers_and_libraries_2020.2.254/linux/compiler/lib/intel64_lin]
  collapse library dir [/global/AWIsoft/intel/2020/parallel_studio_xe_2020.2.108/inspector_2020/lib64/../lib64] ==> [/global/AWIsoft/intel/2020/parallel_studio_xe_2020.2.108/inspector_2020/lib64]
  collapse library dir [/global/AWIsoft/intel/2020/parallel_studio_xe_2020.2.108/inspector_2020/lib64/../lib64/] ==> [/global/AWIsoft/intel/2020/parallel_studio_xe_2020.2.108/inspector_2020/lib64]
  collapse library dir [/global/AWIsoft/intel/2020/parallel_studio_xe_2020.2.108/advisor_2020/lib64/../lib64] ==> [/global/AWIsoft/intel/2020/parallel_studio_xe_2020.2.108/advisor_2020/lib64]
  collapse library dir [/global/AWIsoft/intel/2020/parallel_studio_xe_2020.2.108/advisor_2020/lib64/../lib64/] ==> [/global/AWIsoft/intel/2020/parallel_studio_xe_2020.2.108/advisor_2020/lib64]
  collapse library dir [/usr/lib/gcc/x86_64-redhat-linux/4.8.5/] ==> [/usr/lib/gcc/x86_64-redhat-linux/4.8.5]
  collapse library dir [/usr/lib/gcc/x86_64-redhat-linux/4.8.5/../../../../lib64] ==> [/usr/lib64]
  collapse library dir [/usr/lib/gcc/x86_64-redhat-linux/4.8.5/../../../../lib64/] ==> [/usr/lib64]
  collapse library dir [/lib/../lib64] ==> [/lib64]
  collapse library dir [/lib/../lib64/] ==> [/lib64]
  collapse library dir [/usr/lib/../lib64] ==> [/usr/lib64]
  collapse library dir [/usr/lib/../lib64/] ==> [/usr/lib64]
  collapse library dir [/global/AWIsoft/netcdf/4.5.0_intel_18.0.1/lib/] ==> [/global/AWIsoft/netcdf/4.5.0_intel_18.0.1/lib]
  collapse library dir [/global/AWIsoft/intel/2020/parallel_studio_xe_2020.2.108/itac_2020/intel64/slib/] ==> [/global/AWIsoft/intel/2020/parallel_studio_xe_2020.2.108/itac_2020/intel64/slib]
  collapse library dir [/global/AWIsoft/intel/2020/parallel_studio_xe_2020.2.108/inspector_2020/lib64] ==> [/global/AWIsoft/intel/2020/parallel_studio_xe_2020.2.108/inspector_2020/lib64]
  collapse library dir [/global/AWIsoft/intel/2020/parallel_studio_xe_2020.2.108/inspector_2020/lib64/] ==> [/global/AWIsoft/intel/2020/parallel_studio_xe_2020.2.108/inspector_2020/lib64]
  collapse library dir [/global/AWIsoft/intel/2020/parallel_studio_xe_2020.2.108/advisor_2020/lib64] ==> [/global/AWIsoft/intel/2020/parallel_studio_xe_2020.2.108/advisor_2020/lib64]
  collapse library dir [/global/AWIsoft/intel/2020/parallel_studio_xe_2020.2.108/advisor_2020/lib64/] ==> [/global/AWIsoft/intel/2020/parallel_studio_xe_2020.2.108/advisor_2020/lib64]
  collapse library dir [/global/AWIsoft/intel/2020/parallel_studio_xe_2020.2.108/compilers_and_libraries_2020/linux/ipp/lib/intel64/] ==> [/global/AWIsoft/intel/2020/parallel_studio_xe_2020.2.108/compilers_and_libraries_2020/linux/ipp/lib/intel64]
  collapse library dir [/global/AWIsoft/intel/2020/parallel_studio_xe_2020.2.108/compilers_and_libraries_2020/linux/mkl/lib/intel64/] ==> [/global/AWIsoft/intel/2020/parallel_studio_xe_2020.2.108/compilers_and_libraries_2020/linux/mkl/lib/intel64]
  collapse library dir [/global/AWIsoft/intel/2020/parallel_studio_xe_2020.2.108/compilers_and_libraries_2020/linux/compiler/lib/intel64/] ==> [/global/AWIsoft/intel/2020/parallel_studio_xe_2020.2.108/compilers_and_libraries_2020/linux/compiler/lib/intel64]
  collapse library dir [/usr/lib/gcc/x86_64-redhat-linux/4.8.5/../../../] ==> [/usr/lib]
  collapse library dir [/lib64] ==> [/lib64]
  collapse library dir [/lib/] ==> [/lib]
  collapse library dir [/usr/lib64] ==> [/usr/lib64]
  collapse library dir [/usr/lib] ==> [/usr/lib]
  implicit libs: [ifport;ifcoremt;imf;svml;m;ipgo;irc;pthread;svml;c;gcc;gcc_s;irc_s;dl;c]
  implicit dirs: [/global/AWIsoft/netcdf/4.5.0_intel_18.0.1/lib;/global/AWIsoft/intel/2020/parallel_studio_xe_2020.2.108/vtune_amplifier_2020/lib64;/global/AWIsoft/intel/2020/parallel_studio_xe_2020.2.108/itac_2020/intel64/slib;/global/AWIsoft/intel/2020/parallel_studio_xe_2020.2.108/inspector_2020/lib64;/global/AWIsoft/intel/2020/parallel_studio_xe_2020.2.108/advisor_2020/lib64;/global/AWIsoft/intel/2020/parallel_studio_xe_2020.2.108/compilers_and_libraries_2020/linux/tbbtbb/lib/intel64/gcc4.7;/global/AWIsoft/intel/2020/parallel_studio_xe_2020.2.108/compilers_and_libraries_2020/linux/ipp/lib/intel64;/global/AWIsoft/intel/2020/parallel_studio_xe_2020.2.108/compilers_and_libraries_2020/linux/mkl/lib/intel64;/global/AWIsoft/intel/2020/parallel_studio_xe_2020.2.108/compilers_and_libraries_2020/linux/compiler/lib/intel64;/global/AWIsoft/intel/2020/compilers_and_libraries_2020.2.254/linux/compiler/lib/intel64_lin;/usr/lib/gcc/x86_64-redhat-linux/4.8.5;/usr/lib64;/lib64;/usr/lib;/lib]
  implicit fwks: []


Determining if the Fortran compiler supports Fortran 90 passed with the following output:
Change Dir: /home/ollie/fdaryabo/source/repos/GOTM/build/CMakeFiles/CMakeTmp

Run Build Command:"/usr/bin/gmake" "cmTC_03003/fast"
/usr/bin/gmake -f CMakeFiles/cmTC_03003.dir/build.make CMakeFiles/cmTC_03003.dir/build
gmake[1]: Entering directory `/home/ollie/fdaryabo/source/repos/GOTM/build/CMakeFiles/CMakeTmp'
Building Fortran object CMakeFiles/cmTC_03003.dir/testFortranCompilerF90.f90.o
/global/AWIsoft/intel/2020/parallel_studio_xe_2020.2.108/compilers_and_libraries_2020/linux/bin/intel64/ifort    -c /home/ollie/fdaryabo/source/repos/GOTM/build/CMakeFiles/CMakeTmp/testFortranCompilerF90.f90 -o CMakeFiles/cmTC_03003.dir/testFortranCompilerF90.f90.o
Linking Fortran executable cmTC_03003
/global/AWIsoft/cmake/3.13.3/bin/cmake -E cmake_link_script CMakeFiles/cmTC_03003.dir/link.txt --verbose=1
/global/AWIsoft/intel/2020/parallel_studio_xe_2020.2.108/compilers_and_libraries_2020/linux/bin/intel64/ifort      CMakeFiles/cmTC_03003.dir/testFortranCompilerF90.f90.o  -o cmTC_03003 
gmake[1]: Leaving directory `/home/ollie/fdaryabo/source/repos/GOTM/build/CMakeFiles/CMakeTmp'


